e2e/planificaciones-flujo-completo.spec.ts(78,60): error TS6133: 'request' is declared but its value is never read.
src/app/(protected)/dashboard/components/CalendarioTab.tsx(199,73): error TS18049: 'clase.ruta_curricular_id' is possibly 'null' or 'undefined'.
src/app/(protected)/dashboard/components/CalendarioTab.tsx(199,98): error TS2339: Property 'nombre' does not exist on type 'string'.
src/app/(protected)/dashboard/components/CalendarioTab.tsx(202,63): error TS18049: 'clase.ruta_curricular_id' is possibly 'null' or 'undefined'.
src/app/(protected)/dashboard/components/CalendarioTab.tsx(202,88): error TS2339: Property 'color' does not exist on type 'string'.
src/app/(protected)/dashboard/components/DashboardView.tsx(211,90): error TS2339: Property 'nombre' does not exist on type 'AlertaDashboard'.
src/app/(protected)/dashboard/components/MisHijosTab.tsx(199,75): error TS2551: Property 'ruta_curricular_id' does not exist on type '{ ruta_curricular: {} | null; id: string; fecha_hora_inicio: string; docente?: { id?: string | undefined; nombre?: string | undefined; apellido?: string | undefined; user?: { nombre?: string | undefined; apellido?: string | undefined; } | undefined; } | undefined; rutaCurricular?: objectOutputType<...> | ... 1 more ...'. Did you mean 'ruta_curricular'?
src/app/(protected)/planificaciones/components/PlanificacionDetailPanel.tsx(135,73): error TS2339: Property 'nombre' does not exist on type '{ id: string; grupo_id: string; mes: number; anio: number; titulo: string; descripcion: string; tematica_principal: string; objetivos_aprendizaje: string[]; estado: "BORRADOR" | "PUBLICADA" | "ARCHIVADA"; ... 9 more ...; grupo?: { ...; } | undefined; }'.
src/app/(protected)/planificaciones/components/PlanificacionesList.tsx(105,34): error TS2339: Property 'nombre' does not exist on type '{ id: string; grupo_id: string; mes: number; anio: number; titulo: string; descripcion: string; tematica_principal: string; objetivos_aprendizaje: string[]; estado: "BORRADOR" | "PUBLICADA" | "ARCHIVADA"; ... 8 more ...; grupo?: { ...; } | undefined; }'.
src/app/admin/clases/[id]/page.tsx(518,33): error TS2339: Property 'nombre' does not exist on type '{ id: string; mes: number; anio: number; titulo: string; estado: string; }'.
src/app/admin/clases/page.tsx(357,56): error TS2339: Property 'nombre' does not exist on type '{ id: string; titulo: string; mes: number; anio: number; }'.
src/app/admin/planificaciones-simples/[codigo]/page.tsx(143,28): error TS2339: Property 'nombre' does not exist on type 'DetallePlanificacion'.
src/app/admin/planificaciones-simples/page.tsx(360,84): error TS2339: Property 'nombre' does not exist on type 'PlanificacionSimple'.
src/app/admin/planificaciones/components/CreatePlanificacionModal.tsx(113,19): error TS2339: Property 'nombre' does not exist on type '{ grupo_id: string; mes: number; anio: number; titulo: string; descripcion: string; tematica_principal: string; objetivos_aprendizaje: string[]; notas_docentes: string; }'.
src/app/admin/planificaciones/components/CreatePlanificacionModal.tsx(129,26): error TS2339: Property 'nombre' does not exist on type '{ grupo_id: string; mes: number; anio: number; titulo: string; descripcion: string; tematica_principal: string; objetivos_aprendizaje: string[]; notas_docentes: string; }'.
src/app/admin/planificaciones/components/CreatePlanificacionModal.tsx(268,33): error TS2339: Property 'nombre' does not exist on type '{ grupo_id: string; mes: number; anio: number; titulo: string; descripcion: string; tematica_principal: string; objetivos_aprendizaje: string[]; notas_docentes: string; }'.
src/app/admin/planificaciones/components/PlanificacionesTable.tsx(121,112): error TS18048: 'grupoColor' is possibly 'undefined'.
src/app/admin/planificaciones/components/PlanificacionesTable.tsx(121,129): error TS18048: 'grupoColor' is possibly 'undefined'.
src/app/admin/planificaciones/components/PlanificacionesTable.tsx(121,155): error TS18048: 'grupoColor' is possibly 'undefined'.
src/app/admin/planificaciones/components/PlanificacionesTable.tsx(135,40): error TS2339: Property 'nombre' does not exist on type '{ id: string; grupo_id: string; mes: number; anio: number; titulo: string; descripcion: string; tematica_principal: string; objetivos_aprendizaje: string[]; estado: "BORRADOR" | "PUBLICADA" | "ARCHIVADA"; ... 8 more ...; grupo?: { ...; } | undefined; }'.
src/app/admin/planificaciones/components/PlanificacionesTable.tsx(185,108): error TS18048: 'grupoColor' is possibly 'undefined'.
src/app/admin/planificaciones/components/PlanificacionesTable.tsx(185,125): error TS18048: 'grupoColor' is possibly 'undefined'.
src/app/admin/planificaciones/components/PlanificacionesTable.tsx(185,151): error TS18048: 'grupoColor' is possibly 'undefined'.
src/app/admin/planificaciones/components/PlanificacionesTable.tsx(195,34): error TS2339: Property 'nombre' does not exist on type '{ id: string; grupo_id: string; mes: number; anio: number; titulo: string; descripcion: string; tematica_principal: string; objetivos_aprendizaje: string[]; estado: "BORRADOR" | "PUBLICADA" | "ARCHIVADA"; ... 8 more ...; grupo?: { ...; } | undefined; }'.
src/app/admin/planificaciones/page.tsx(17,1): error TS6133: 'Button' is declared but its value is never read.
src/app/admin/reportes/page.tsx(7,10): error TS6133: 'useDashboard' is declared but its value is never read.
src/app/admin/reportes/page.tsx(44,5): error TS2322: Type 'string | undefined' is not assignable to type 'string'.
  Type 'undefined' is not assignable to type 'string'.
src/app/admin/reportes/page.tsx(45,5): error TS2322: Type 'string | undefined' is not assignable to type 'string'.
  Type 'undefined' is not assignable to type 'string'.
src/app/admin/reportes/page.tsx(123,7): error TS2552: Cannot find name 'clases'. Did you mean 'classes'?
src/app/admin/reportes/page.tsx(200,19): error TS18049: 'clase.ruta_curricular_id' is possibly 'null' or 'undefined'.
src/app/admin/reportes/page.tsx(200,44): error TS2339: Property 'nombre' does not exist on type 'string'.
src/app/admin/reportes/page.tsx(200,54): error TS18049: 'clase.ruta_curricular_id' is possibly 'null' or 'undefined'.
src/app/admin/reportes/page.tsx(200,79): error TS2339: Property 'nombre' does not exist on type 'string'.
src/app/admin/reportes/page.tsx(215,73): error TS2532: Object is possibly 'undefined'.
src/app/admin/reportes/page.tsx(217,14): error TS2532: Object is possibly 'undefined'.
src/app/admin/reportes/page.tsx(217,61): error TS2532: Object is possibly 'undefined'.
src/app/admin/reportes/page.tsx(271,19): error TS2322: Type 'string | undefined' is not assignable to type 'string'.
  Type 'undefined' is not assignable to type 'string'.
src/app/admin/reportes/page.tsx(272,19): error TS2322: Type 'string | undefined' is not assignable to type 'string'.
  Type 'undefined' is not assignable to type 'string'.
src/app/admin/reportes/page.tsx(280,19): error TS2322: Type 'string | undefined' is not assignable to type 'string'.
  Type 'undefined' is not assignable to type 'string'.
src/app/admin/reportes/page.tsx(281,19): error TS2322: Type 'string | undefined' is not assignable to type 'string'.
  Type 'undefined' is not assignable to type 'string'.
src/app/admin/usuarios/page.tsx(4,82): error TS6133: 'useUpdateUserRoles' is declared but its value is never read.
src/app/admin/usuarios/page.tsx(96,46): error TS2345: Argument of type 'string | undefined' is not assignable to parameter of type 'string'.
  Type 'undefined' is not assignable to type 'string'.
src/app/clase/[id]/sala/page.tsx(49,18): error TS2345: Argument of type 'AxiosResponse<any, any, {}>' is not assignable to parameter of type 'SetStateAction<ClaseData | null>'.
src/app/clase/[id]/sala/page.tsx(83,27): error TS2339: Property 'ruta_curricular_idnombre' does not exist on type 'ClaseData'.
src/app/clase/[id]/sala/page.tsx(182,26): error TS2339: Property 'ruta_curricular_idnombre' does not exist on type 'ClaseData'.
src/app/docente/calendario/page.tsx(385,23): error TS2339: Property 'nombre' does not exist on type 'Evento'.
src/app/docente/calendario/page.tsx(424,85): error TS2339: Property 'nombre' does not exist on type 'Subtarea'.
src/app/docente/clase/[id]/sala/page.tsx(56,18): error TS2345: Argument of type 'AxiosResponse<any, any, {}>' is not assignable to parameter of type 'SetStateAction<ClaseData | null>'.
src/app/docente/clase/[id]/sala/page.tsx(62,24): error TS2345: Argument of type 'AxiosResponse<any, any, {}>' is not assignable to parameter of type 'SetStateAction<Estudiante[]>'.
src/app/docente/clase/[id]/sala/page.tsx(161,30): error TS2339: Property 'ruta_curricular_idnombre' does not exist on type 'ClaseData'.
src/app/docente/clases/[id]/asistencia/page.tsx(107,30): error TS18049: 'claseActual.ruta_curricular_id' is possibly 'null' or 'undefined'.
src/app/docente/clases/[id]/asistencia/page.tsx(107,61): error TS2339: Property 'color' does not exist on type 'string'.
src/app/docente/clases/[id]/asistencia/page.tsx(129,59): error TS2339: Property 'cupo_disponible' does not exist on type '{ id: string; nombre: string; estado: "Programada" | "Cancelada"; createdAt: string; updatedAt: string; docente_id: string; fecha_hora_inicio: string; duracion_minutos: number; cupos_maximo: number; ... 4 more ...; producto_id?: string | ... 1 more ... | undefined; }'.
src/app/docente/clases/[id]/asistencia/page.tsx(136,55): error TS2551: Property 'ruta_curricular_idcolor' does not exist on type '{ id: string; nombre: string; estado: "Programada" | "Cancelada"; createdAt: string; updatedAt: string; docente_id: string; fecha_hora_inicio: string; duracion_minutos: number; cupos_maximo: number; ... 4 more ...; producto_id?: string | ... 1 more ... | undefined; }'. Did you mean 'ruta_curricular_id'?
src/app/docente/clases/[id]/asistencia/page.tsx(137,42): error TS2551: Property 'ruta_curricular_idcolor' does not exist on type '{ id: string; nombre: string; estado: "Programada" | "Cancelada"; createdAt: string; updatedAt: string; docente_id: string; fecha_hora_inicio: string; duracion_minutos: number; cupos_maximo: number; ... 4 more ...; producto_id?: string | ... 1 more ... | undefined; }'. Did you mean 'ruta_curricular_id'?
src/app/docente/clases/[id]/asistencia/page.tsx(140,34): error TS2551: Property 'ruta_curricular_idnombre' does not exist on type '{ id: string; nombre: string; estado: "Programada" | "Cancelada"; createdAt: string; updatedAt: string; docente_id: string; fecha_hora_inicio: string; duracion_minutos: number; cupos_maximo: number; ... 4 more ...; producto_id?: string | ... 1 more ... | undefined; }'. Did you mean 'ruta_curricular_id'?
src/app/docente/dashboard/page.tsx(240,37): error TS2339: Property 'nombre' does not exist on type 'ClaseInminente'.
src/app/docente/grupos/[id]/page.tsx(72,18): error TS2345: Argument of type 'AxiosResponse<any, any, {}>' is not assignable to parameter of type 'SetStateAction<Grupo | null>'.
src/app/docente/grupos/[id]/page.tsx(274,26): error TS2339: Property 'ruta_curricular_idnombre' does not exist on type 'Grupo'.
src/app/docente/mis-clases/components/ClaseCard.tsx(84,41): error TS2339: Property 'cupo_disponible' does not exist on type '{ id: string; nombre: string; estado: "Programada" | "Cancelada"; createdAt: string; updatedAt: string; docente_id: string; fecha_hora_inicio: string; duracion_minutos: number; cupos_maximo: number; ... 4 more ...; producto_id?: string | ... 1 more ... | undefined; }'.
src/app/docente/mis-clases/components/ClaseRow.tsx(64,47): error TS2339: Property 'cupo_disponible' does not exist on type '{ id: string; nombre: string; estado: "Programada" | "Cancelada"; createdAt: string; updatedAt: string; docente_id: string; fecha_hora_inicio: string; duracion_minutos: number; cupos_maximo: number; ... 4 more ...; producto_id?: string | ... 1 more ... | undefined; }'.
src/app/docente/mis-clases/page.tsx(121,15): error TS2322: Type '(estado: EstadoClase) => string' is not assignable to type '(estado: "Programada" | "Cancelada" | "EnCurso" | "Finalizada") => string'.
  Types of parameters 'estado' and 'estado' are incompatible.
    Type '"Programada" | "Cancelada" | "EnCurso" | "Finalizada"' is not assignable to type '"Programada" | "Cancelada"'.
      Type '"EnCurso"' is not assignable to type '"Programada" | "Cancelada"'.
src/app/docente/mis-clases/page.tsx(138,15): error TS2322: Type '(estado: EstadoClase) => string' is not assignable to type '(estado: "Programada" | "Cancelada" | "EnCurso" | "Finalizada") => string'.
  Types of parameters 'estado' and 'estado' are incompatible.
    Type '"Programada" | "Cancelada" | "EnCurso" | "Finalizada"' is not assignable to type '"Programada" | "Cancelada"'.
      Type '"EnCurso"' is not assignable to type '"Programada" | "Cancelada"'.
src/app/docente/mis-clases/page.tsx(155,15): error TS2322: Type '(estado: EstadoClase) => string' is not assignable to type '(estado: "Programada" | "Cancelada" | "EnCurso" | "Finalizada") => string'.
  Types of parameters 'estado' and 'estado' are incompatible.
    Type '"Programada" | "Cancelada" | "EnCurso" | "Finalizada"' is not assignable to type '"Programada" | "Cancelada"'.
      Type '"EnCurso"' is not assignable to type '"Programada" | "Cancelada"'.
src/app/docente/mis-clases/page.tsx(172,15): error TS2322: Type '(estado: EstadoClase) => string' is not assignable to type '(estado: "Programada" | "Cancelada" | "EnCurso" | "Finalizada") => string'.
  Types of parameters 'estado' and 'estado' are incompatible.
    Type '"Programada" | "Cancelada" | "EnCurso" | "Finalizada"' is not assignable to type '"Programada" | "Cancelada"'.
      Type '"EnCurso"' is not assignable to type '"Programada" | "Cancelada"'.
src/app/docente/perfil/page.tsx(44,36): error TS2339: Property 'nombre_profesional' does not exist on type 'Docente'.
src/app/docente/perfil/page.tsx(217,33): error TS2339: Property 'nombre_profesional' does not exist on type 'UpdateDocenteData'.
src/app/docente/perfil/page.tsx(253,47): error TS2339: Property 'nombre_profesional' does not exist on type 'Docente'.
src/app/docente/planificaciones/page.tsx(14,20): error TS6133: 'Users' is declared but its value is never read.
src/app/docente/planificaciones/page.tsx(28,10): error TS6133: 'selectedAsignacion' is declared but its value is never read.
src/app/docente/planificaciones/page.tsx(151,49): error TS2339: Property 'nombre' does not exist on type 'PlanificacionSimple'.
src/app/docente/reportes/page.tsx(86,42): error TS2532: Object is possibly 'undefined'.
src/app/docente/reportes/page.tsx(93,42): error TS2532: Object is possibly 'undefined'.
src/app/estudiante/cursos/[cursoId]/lecciones/[leccionId]/page.tsx(85,21): error TS2532: Object is possibly 'undefined'.
src/app/estudiante/cursos/[cursoId]/lecciones/[leccionId]/page.tsx(459,34): error TS2339: Property 'nombre' does not exist on type '{ id: string; titulo: string; descripcion: string | null; orden: number; createdAt: string; updatedAt: string; contenido: Record<string, unknown> | { url?: string | undefined; videoUrl?: string | undefined; duracion?: number | undefined; } | { ...; } | { ...; } | { ...; }; ... 6 more ...; logro_desbloqueado_id: stri...'.
src/app/estudiante/cursos/[cursoId]/page.tsx(7,51): error TS6133: 'Modulo' is declared but its value is never read.
src/app/estudiante/cursos/[cursoId]/page.tsx(228,19): error TS2322: Type 'string | undefined' is not assignable to type 'string'.
  Type 'undefined' is not assignable to type 'string'.
src/app/estudiante/cursos/[cursoId]/page.tsx(231,36): error TS2339: Property 'nombre' does not exist on type 'Modulo'.
src/app/estudiante/cursos/[cursoId]/page.tsx(251,35): error TS2339: Property 'nombre' does not exist on type 'Modulo'.
src/app/estudiante/cursos/[cursoId]/page.tsx(281,54): error TS2339: Property 'nombre' does not exist on type '{ id: string; titulo: string; descripcion?: string | undefined; }'.
src/app/estudiante/cursos/[cursoId]/page.tsx(337,48): error TS2339: Property 'nombre' does not exist on type '{ id: string; titulo: string; descripcion: string | null; orden: number; createdAt: string; updatedAt: string; contenido: Record<string, unknown> | { url?: string | undefined; videoUrl?: string | undefined; duracion?: number | undefined; } | { ...; } | { ...; } | { ...; }; ... 6 more ...; logro_desbloqueado_id: stri...'.
src/app/estudiante/cursos/algebra-challenge/page.tsx(115,38): error TS2532: Object is possibly 'undefined'.
src/app/estudiante/cursos/calculo-mental/page.tsx(85,14): error TS2454: Variable 'operando1' is used before being assigned.
src/app/estudiante/cursos/calculo-mental/page.tsx(85,25): error TS2454: Variable 'operando2' is used before being assigned.
src/app/estudiante/cursos/calculo-mental/page.tsx(85,36): error TS2322: Type '"-" | "+" | "×" | "÷" | undefined' is not assignable to type '"-" | "+" | "×" | "÷"'.
  Type 'undefined' is not assignable to type '"-" | "+" | "×" | "÷"'.
src/app/estudiante/cursos/calculo-mental/page.tsx(85,46): error TS2454: Variable 'respuestaCorrecta' is used before being assigned.
src/app/estudiante/cursos/calculo-mental/page.tsx(127,38): error TS2532: Object is possibly 'undefined'.
src/app/estudiante/dashboard/page.tsx(284,54): error TS2345: Argument of type 'ProximaClase | undefined' is not assignable to parameter of type '{ id: string; nombre: string; estado: "Programada" | "Cancelada"; createdAt: string; updatedAt: string; docente_id: string; fecha_hora_inicio: string; duracion_minutos: number; cupos_maximo: number; ... 4 more ...; producto_id?: string | ... 1 more ... | undefined; } | ProximaClase'.
  Type 'undefined' is not assignable to type '{ id: string; nombre: string; estado: "Programada" | "Cancelada"; createdAt: string; updatedAt: string; docente_id: string; fecha_hora_inicio: string; duracion_minutos: number; cupos_maximo: number; ... 4 more ...; producto_id?: string | ... 1 more ... | undefined; } | ProximaClase'.
src/app/estudiante/dashboard/page.tsx(295,55): error TS2532: Object is possibly 'undefined'.
src/app/estudiante/dashboard/page.tsx(295,73): error TS2339: Property 'ruta_curricular_idcolor' does not exist on type 'ProximaClase'.
src/app/estudiante/dashboard/page.tsx(297,84): error TS2532: Object is possibly 'undefined'.
src/app/estudiante/dashboard/page.tsx(297,102): error TS2339: Property 'ruta_curricular_idnombre' does not exist on type 'ProximaClase'.
src/app/estudiante/dashboard/page.tsx(302,63): error TS2532: Object is possibly 'undefined'.
src/app/estudiante/dashboard/page.tsx(307,48): error TS2532: Object is possibly 'undefined'.
src/app/estudiante/dashboard/page.tsx(319,51): error TS2532: Object is possibly 'undefined'.
src/app/estudiante/dashboard/page.tsx(494,95): error TS2339: Property 'nombre' does not exist on type '{ id: string; titulo: string; descripcion: string; profesor: string; fechaLimite: Date; completada: boolean; rutaCurricular: { nombre: string; color: string; }; }'.
src/app/estudiante/evaluacion/page.tsx(264,32): error TS18048: 'pregunta' is possibly 'undefined'.
src/app/estudiante/evaluacion/page.tsx(275,45): error TS18048: 'pregunta' is possibly 'undefined'.
src/app/estudiante/evaluacion/page.tsx(345,7): error TS2532: Object is possibly 'undefined'.
src/app/estudiante/evaluacion/page.tsx(346,23): error TS2532: Object is possibly 'undefined'.
src/app/estudiante/evaluacion/page.tsx(554,18): error TS18048: 'pregunta' is possibly 'undefined'.
src/app/estudiante/evaluacion/page.tsx(557,18): error TS18048: 'pregunta' is possibly 'undefined'.
src/app/estudiante/evaluacion/page.tsx(560,24): error TS18048: 'pregunta' is possibly 'undefined'.
src/app/estudiante/evaluacion/page.tsx(566,16): error TS18048: 'pregunta' is possibly 'undefined'.
src/app/estudiante/evaluacion/page.tsx(568,74): error TS18048: 'pregunta' is possibly 'undefined'.
src/app/estudiante/evaluacion/page.tsx(628,82): error TS18048: 'pregunta' is possibly 'undefined'.
src/app/estudiante/evaluacion/page.tsx(628,100): error TS18048: 'pregunta' is possibly 'undefined'.
src/app/estudiante/planificaciones/page.tsx(7,22): error TS6133: 'CheckCircle' is declared but its value is never read.
src/app/estudiante/planificaciones/page.tsx(36,26): error TS2345: Argument of type 'AxiosResponse<any, any, {}>' is not assignable to parameter of type 'SetStateAction<PlanificacionDisponible[]>'.
src/app/estudiante/planificaciones/page.tsx(106,82): error TS2339: Property 'nombre' does not exist on type 'PlanificacionDisponible'.
src/app/estudiante/ranking/page.tsx(259,50): error TS2532: Object is possibly 'undefined'.
src/app/estudiante/ranking/page.tsx(264,76): error TS18048: 'podium' is possibly 'undefined'.
src/app/estudiante/ranking/page.tsx(268,151): error TS18048: 'podium' is possibly 'undefined'.
src/app/login/page.tsx(125,69): error TS6133: 'logout' is declared but its value is never read.
src/app/login/page.tsx(685,11): error TS2322: Type '(role: "admin" | "docente") => void' is not assignable to type '(role: UserRole) => void'.
  Types of parameters 'role' and 'role' are incompatible.
    Type 'UserRole' is not assignable to type '"docente" | "admin"'.
      Type '"estudiante"' is not assignable to type '"docente" | "admin"'.
src/components/admin/AgregarEstudianteModal.tsx(75,30): error TS2339: Property 'filter' does not exist on type 'AxiosResponse<any, any, {}>'.
src/components/admin/AgregarEstudianteModal.tsx(94,5): error TS2322: Type '{ nombre?: string | undefined; apellido?: string | undefined; edad?: number | "" | undefined; nivel_escolar?: string | undefined; email?: string; sectoresAdicionales?: string[] | undefined; }' is not assignable to type 'EstudianteForm'.
  Types of property 'nombre' are incompatible.
    Type 'string | undefined' is not assignable to type 'string'.
      Type 'undefined' is not assignable to type 'string'.
src/components/admin/AgregarEstudianteModal.tsx(100,30): error TS18048: 'estudiante' is possibly 'undefined'.
src/components/admin/AgregarEstudianteModal.tsx(158,43): error TS2339: Property 'estudiantes' does not exist on type 'AxiosResponse<any, any, {}>'.
src/components/admin/AgregarEstudianteModal.tsx(162,47): error TS2532: Object is possibly 'undefined'.
src/components/admin/AgregarEstudianteModal.tsx(178,32): error TS2339: Property 'credenciales' does not exist on type 'AxiosResponse<any, any, {}>'.
src/components/admin/__tests__/CreateDocenteForm.improvements.spec.tsx(16,1): error TS6133: 'CreateDocenteData' is declared but its value is never read.
src/components/admin/clases/ClasesCards.tsx(145,40): error TS18049: 'cupoMaximo' is possibly 'null' or 'undefined'.
src/components/admin/clases/ClasesCards.tsx(147,44): error TS18049: 'cupoMaximo' is possibly 'null' or 'undefined'.
src/components/admin/clases/ClasesCards.tsx(151,57): error TS18049: 'cupoMaximo' is possibly 'null' or 'undefined'.
src/components/admin/grupos/CreateClaseGrupoModal.tsx(4,37): error TS6133: 'BookOpen' is declared but its value is never read.
src/components/admin/grupos/EditClaseGrupoModal.tsx(4,37): error TS6133: 'BookOpen' is declared but its value is never read.
src/components/auth/ForcePasswordChangeOverlay.tsx(22,9): error TS6133: 'login' is declared but its value is never read.
src/components/auth/ForcePasswordChangeOverlay.tsx(23,9): error TS6133: 'loginEstudiante' is declared but its value is never read.
src/components/auth/ForcePasswordChangeOverlay.tsx(24,9): error TS6133: 'setUser' is declared but its value is never read.
src/components/calendario/ModalNota.tsx(53,31): error TS2339: Property 'nombre' does not exist on type 'Evento'.
src/components/calendario/ModalNota.tsx(57,22): error TS2345: Argument of type 'string | undefined' is not assignable to parameter of type 'SetStateAction<string>'.
  Type 'undefined' is not assignable to type 'SetStateAction<string>'.
src/components/calendario/ModalNota.tsx(73,20): error TS2345: Argument of type 'string | undefined' is not assignable to parameter of type 'SetStateAction<string>'.
  Type 'undefined' is not assignable to type 'SetStateAction<string>'.
src/components/calendario/ModalRecordatorio.tsx(52,39): error TS2339: Property 'nombre' does not exist on type 'Evento'.
src/components/calendario/ModalRecordatorio.tsx(56,22): error TS2345: Argument of type 'string | undefined' is not assignable to parameter of type 'SetStateAction<string>'.
  Type 'undefined' is not assignable to type 'SetStateAction<string>'.
src/components/calendario/ModalRecordatorio.tsx(60,19): error TS2345: Argument of type 'string | undefined' is not assignable to parameter of type 'SetStateAction<string>'.
  Type 'undefined' is not assignable to type 'SetStateAction<string>'.
src/components/calendario/ModalRecordatorio.tsx(71,22): error TS2345: Argument of type 'string | undefined' is not assignable to parameter of type 'SetStateAction<string>'.
  Type 'undefined' is not assignable to type 'SetStateAction<string>'.
src/components/calendario/ModalRecordatorio.tsx(73,19): error TS2345: Argument of type 'string | undefined' is not assignable to parameter of type 'SetStateAction<string>'.
  Type 'undefined' is not assignable to type 'SetStateAction<string>'.
src/components/calendario/ModalRecordatorio.tsx(120,20): error TS2345: Argument of type 'string | undefined' is not assignable to parameter of type 'SetStateAction<string>'.
  Type 'undefined' is not assignable to type 'SetStateAction<string>'.
src/components/calendario/ModalRecordatorio.tsx(122,17): error TS2345: Argument of type 'string | undefined' is not assignable to parameter of type 'SetStateAction<string>'.
  Type 'undefined' is not assignable to type 'SetStateAction<string>'.
src/components/calendario/ModalTarea.tsx(57,32): error TS2339: Property 'nombre' does not exist on type 'Evento'.
src/components/calendario/ModalTarea.tsx(61,22): error TS2345: Argument of type 'string | undefined' is not assignable to parameter of type 'SetStateAction<string>'.
  Type 'undefined' is not assignable to type 'SetStateAction<string>'.
src/components/calendario/ModalTarea.tsx(65,19): error TS2345: Argument of type 'string | undefined' is not assignable to parameter of type 'SetStateAction<string>'.
  Type 'undefined' is not assignable to type 'SetStateAction<string>'.
src/components/calendario/ModalTarea.tsx(84,20): error TS2345: Argument of type 'string | undefined' is not assignable to parameter of type 'SetStateAction<string>'.
  Type 'undefined' is not assignable to type 'SetStateAction<string>'.
src/components/calendario/ModalTarea.tsx(86,17): error TS2345: Argument of type 'string | undefined' is not assignable to parameter of type 'SetStateAction<string>'.
  Type 'undefined' is not assignable to type 'SetStateAction<string>'.
src/components/calendario/ModalTarea.tsx(531,35): error TS2339: Property 'nombre' does not exist on type 'Subtarea'.
src/components/dashboard/ProximaClaseCard.tsx(99,45): error TS2339: Property 'ruta_curricular_idcolor' does not exist on type '{ id: string; ruta_curricular: { nombre: string; color: string; }; docente: { nombre: string; apellido: string; }; fecha_hora_inicio: string | Date; modalidad?: "presencial" | "virtual" | undefined; cupos_disponibles?: number | undefined; }'.
src/components/dashboard/ProximaClaseCard.tsx(101,66): error TS2339: Property 'ruta_curricular_idnombre' does not exist on type '{ id: string; ruta_curricular: { nombre: string; color: string; }; docente: { nombre: string; apellido: string; }; fecha_hora_inicio: string | Date; modalidad?: "presencial" | "virtual" | undefined; cupos_disponibles?: number | undefined; }'.
src/components/docente/NotificationCenter.tsx(136,42): error TS2339: Property 'nombre' does not exist on type '{ id: string; createdAt: string; updatedAt: string; usuario_id: string; tipo: "CLASE_PROGRAMADA" | "CLASE_CANCELADA" | "NUEVA_RESERVA" | "CANCELACION_RESERVA" | "ESTUDIANTE_NUEVO" | "PAGO_RECIBIDO" | "MEMBRESIA_PROXIMO_VENCIMIENTO" | "MEMBRESIA_VENCIDA" | "SISTEMA"; titulo: string; mensaje: string; leida: boolean; m...'.
src/components/effects/FloatingParticles.tsx(32,41): error TS2345: Argument of type '() => { id: number; x: string; size: number; duration: number; delay: number; color: string | undefined; }[]' is not assignable to parameter of type '() => Particle[]'.
  Type '{ id: number; x: string; size: number; duration: number; delay: number; color: string | undefined; }[]' is not assignable to type 'Particle[]'.
    Type '{ id: number; x: string; size: number; duration: number; delay: number; color: string | undefined; }' is not assignable to type 'Particle'.
      Types of property 'color' are incompatible.
        Type 'string | undefined' is not assignable to type 'string'.
          Type 'undefined' is not assignable to type 'string'.
src/components/effects/GlowingBadge.tsx(67,60): error TS2345: Argument of type 'string | undefined' is not assignable to parameter of type 'string'.
  Type 'undefined' is not assignable to type 'string'.
src/components/effects/GlowingBadge.tsx(80,63): error TS2345: Argument of type 'string | undefined' is not assignable to parameter of type 'string'.
  Type 'undefined' is not assignable to type 'string'.
src/components/estudiantes/EstudianteFormModal.tsx(56,9): error TS2322: Type 'string | undefined' is not assignable to type 'string'.
  Type 'undefined' is not assignable to type 'string'.
src/components/features/clases/ClassCard.tsx(43,21): error TS18049: 'clase.ruta_curricular_id' is possibly 'null' or 'undefined'.
src/components/features/clases/ClassCard.tsx(43,46): error TS2339: Property 'color' does not exist on type 'string'.
src/components/features/clases/ClassCard.tsx(46,26): error TS2339: Property 'cupo_disponible' does not exist on type '{ id: string; nombre: string; estado: "Programada" | "Cancelada"; createdAt: string; updatedAt: string; docente_id: string; fecha_hora_inicio: string; duracion_minutos: number; cupos_maximo: number; ... 4 more ...; producto_id?: string | ... 1 more ... | undefined; }'.
src/components/features/clases/ClassCard.tsx(47,26): error TS2339: Property 'cupo_disponible' does not exist on type '{ id: string; nombre: string; estado: "Programada" | "Cancelada"; createdAt: string; updatedAt: string; docente_id: string; fecha_hora_inicio: string; duracion_minutos: number; cupos_maximo: number; ... 4 more ...; producto_id?: string | ... 1 more ... | undefined; }'.
src/components/features/clases/ClassCard.tsx(47,56): error TS2339: Property 'cupo_disponible' does not exist on type '{ id: string; nombre: string; estado: "Programada" | "Cancelada"; createdAt: string; updatedAt: string; docente_id: string; fecha_hora_inicio: string; duracion_minutos: number; cupos_maximo: number; ... 4 more ...; producto_id?: string | ... 1 more ... | undefined; }'.
src/components/features/clases/ClassCard.tsx(86,17): error TS18049: 'clase.ruta_curricular_id' is possibly 'null' or 'undefined'.
src/components/features/clases/ClassCard.tsx(86,42): error TS2339: Property 'nombre' does not exist on type 'string'.
src/components/features/clases/ClassCard.tsx(122,18): error TS2339: Property 'docente' does not exist on type '{ id: string; nombre: string; estado: "Programada" | "Cancelada"; createdAt: string; updatedAt: string; docente_id: string; fecha_hora_inicio: string; duracion_minutos: number; cupos_maximo: number; ... 4 more ...; producto_id?: string | ... 1 more ... | undefined; }'.
src/components/features/clases/ClassCard.tsx(126,24): error TS2339: Property 'docente' does not exist on type '{ id: string; nombre: string; estado: "Programada" | "Cancelada"; createdAt: string; updatedAt: string; docente_id: string; fecha_hora_inicio: string; duracion_minutos: number; cupos_maximo: number; ... 4 more ...; producto_id?: string | ... 1 more ... | undefined; }'.
src/components/features/clases/ClassCard.tsx(126,48): error TS2339: Property 'docente' does not exist on type '{ id: string; nombre: string; estado: "Programada" | "Cancelada"; createdAt: string; updatedAt: string; docente_id: string; fecha_hora_inicio: string; duracion_minutos: number; cupos_maximo: number; ... 4 more ...; producto_id?: string | ... 1 more ... | undefined; }'.
src/components/features/clases/ClassCard.tsx(142,28): error TS2339: Property 'cupo_disponible' does not exist on type '{ id: string; nombre: string; estado: "Programada" | "Cancelada"; createdAt: string; updatedAt: string; docente_id: string; fecha_hora_inicio: string; duracion_minutos: number; cupos_maximo: number; ... 4 more ...; producto_id?: string | ... 1 more ... | undefined; }'.
src/components/features/clases/ClassReservationModal.tsx(65,21): error TS18049: 'clase.ruta_curricular_id' is possibly 'null' or 'undefined'.
src/components/features/clases/ClassReservationModal.tsx(65,46): error TS2339: Property 'color' does not exist on type 'string'.
src/components/features/clases/ClassReservationModal.tsx(121,20): error TS18049: 'clase.ruta_curricular_id' is possibly 'null' or 'undefined'.
src/components/features/clases/ClassReservationModal.tsx(121,45): error TS2339: Property 'nombre' does not exist on type 'string'.
src/components/features/clases/ClassReservationModal.tsx(138,20): error TS2339: Property 'docente' does not exist on type '{ id: string; nombre: string; estado: "Programada" | "Cancelada"; createdAt: string; updatedAt: string; docente_id: string; fecha_hora_inicio: string; duracion_minutos: number; cupos_maximo: number; ... 4 more ...; producto_id?: string | ... 1 more ... | undefined; }'.
src/components/features/clases/ClassReservationModal.tsx(144,28): error TS2339: Property 'docente' does not exist on type '{ id: string; nombre: string; estado: "Programada" | "Cancelada"; createdAt: string; updatedAt: string; docente_id: string; fecha_hora_inicio: string; duracion_minutos: number; cupos_maximo: number; ... 4 more ...; producto_id?: string | ... 1 more ... | undefined; }'.
src/components/features/clases/ClassReservationModal.tsx(144,52): error TS2339: Property 'docente' does not exist on type '{ id: string; nombre: string; estado: "Programada" | "Cancelada"; createdAt: string; updatedAt: string; docente_id: string; fecha_hora_inicio: string; duracion_minutos: number; cupos_maximo: number; ... 4 more ...; producto_id?: string | ... 1 more ... | undefined; }'.
src/components/features/clases/ClassReservationModal.tsx(156,26): error TS2339: Property 'cupo_disponible' does not exist on type '{ id: string; nombre: string; estado: "Programada" | "Cancelada"; createdAt: string; updatedAt: string; docente_id: string; fecha_hora_inicio: string; duracion_minutos: number; cupos_maximo: number; ... 4 more ...; producto_id?: string | ... 1 more ... | undefined; }'.
src/components/ui/AnimatedCounter.tsx(18,13): error TS2532: Object is possibly 'undefined'.
src/features/admin/classes/store/classes.store.ts(39,13): error TS2322: Type '{ ruta_curricular: string | { id: string; nombre: string; descripcion: string | null; color: string; createdAt: string; updatedAt: string; } | undefined; id: string; fecha_hora_inicio: string; ... 16 more ...; _count?: { ...; } | ... 1 more ... | undefined; }[]' is not assignable to type '{ id: string; fecha_hora_inicio: string; duracion_minutos: number; nombre?: string | null | undefined; titulo?: string | null | undefined; descripcion?: string | null | undefined; estado?: "Programada" | ... 4 more ... | undefined; ... 12 more ...; _count?: { ...; } | ... 1 more ... | undefined; }[]'.
  Type '{ ruta_curricular: string | { id: string; nombre: string; descripcion: string | null; color: string; createdAt: string; updatedAt: string; } | undefined; id: string; fecha_hora_inicio: string; ... 16 more ...; _count?: { ...; } | ... 1 more ... | undefined; }' is not assignable to type '{ id: string; fecha_hora_inicio: string; duracion_minutos: number; nombre?: string | null | undefined; titulo?: string | null | undefined; descripcion?: string | null | undefined; estado?: "Programada" | ... 4 more ... | undefined; ... 12 more ...; _count?: { ...; } | ... 1 more ... | undefined; }'.
    Types of property 'ruta_curricular' are incompatible.
      Type 'string | { id: string; nombre: string; descripcion: string | null; color: string; createdAt: string; updatedAt: string; } | undefined' is not assignable to type '{ id: string; nombre: string; descripcion: string | null; color: string; createdAt: string; updatedAt: string; } | null | undefined'.
        Type 'string' is not assignable to type '{ id: string; nombre: string; descripcion: string | null; color: string; createdAt: string; updatedAt: string; }'.
src/features/admin/stats/store/__tests__/stats.store.test.ts(114,60): error TS2345: Argument of type '{ totalUsuarios: number; }' is not assignable to parameter of type 'SystemStats'.
  Type '{ totalUsuarios: number; }' is missing the following properties from type 'SystemStats': totalTutores, totalDocentes, totalEstudiantes, totalClases, and 3 more.
src/features/admin/stats/store/__tests__/stats.store.test.ts(151,9): error TS2739: Type '{ totalUsuarios: number; totalTutores: number; totalDocentes: number; totalEstudiantes: number; totalClases: number; clasesActivas: number; totalProductos: number; ingresosTotal: number; }' is missing the following properties from type '{ totalUsuarios: number; totalTutores: number; totalDocentes: number; totalEstudiantes: number; totalClases: number; clasesActivas: number; totalProductos: number; ingresosTotal: number; pagosPendientes: number; inscripcionesActivas: number; }': pagosPendientes, inscripcionesActivas
src/hooks/useClases.ts(95,41): error TS2339: Property 'sector' does not exist on type '{ id?: string | undefined; nombre?: string | null | undefined; apellido?: string | null | undefined; user?: { nombre: string; apellido: string; } | null | undefined; }'.
src/lib/api/admin.api.ts(7,1): error TS6133: 'ClaseListado' is declared but its value is never read.
src/lib/api/admin.api.ts(10,1): error TS6133: 'z' is declared but its value is never read.
src/lib/api/admin.api.ts(24,3): error TS2739: Type 'AxiosResponse<DashboardData, any, {}>' is missing the following properties from type 'DashboardData': stats, recentUsers, recentClasses, systemHealth
src/lib/api/admin.api.ts(28,3): error TS2740: Type 'AxiosResponse<SystemStats, any, {}>' is missing the following properties from type 'SystemStats': totalUsuarios, totalTutores, totalDocentes, totalEstudiantes, and 4 more.
src/lib/api/admin.api.ts(32,3): error TS2740: Type 'AxiosResponse<AdminUser[], any, {}>' is missing the following properties from type 'AdminUser[]': length, pop, push, concat, and 35 more.
src/lib/api/admin.api.ts(84,3): error TS2741: Property 'metadata' is missing in type 'AxiosResponse<EstudiantesResponse, any, {}>' but required in type 'EstudiantesResponse'.
src/lib/api/admin.api.ts(88,3): error TS2740: Type 'AxiosResponse<AdminUser, any, {}>' is missing the following properties from type 'AdminUser': id, email, nombre, apellido, and 4 more.
src/lib/api/admin.api.ts(92,3): error TS2739: Type 'AxiosResponse<{ message: string; userId: string; roles: string[]; }, any, {}>' is missing the following properties from type '{ message: string; userId: string; roles: string[]; }': message, userId, roles
src/lib/api/admin.api.ts(110,12): error TS2322: Type '{ id: string; fecha_hora_inicio: string; duracion_minutos: number; nombre?: string | null | undefined; titulo?: string | null | undefined; descripcion?: string | null | undefined; estado?: "Programada" | ... 4 more ... | undefined; ... 12 more ...; _count?: { ...; } | ... 1 more ... | undefined; }[]' is not assignable to type '{ ruta_curricular: string | { id: string; nombre: string; descripcion: string | null; color: string; createdAt: string; updatedAt: string; } | undefined; id: string; fecha_hora_inicio: string; ... 16 more ...; _count?: { ...; } | ... 1 more ... | undefined; }[]'.
  Type '{ id: string; fecha_hora_inicio: string; duracion_minutos: number; nombre?: string | null | undefined; titulo?: string | null | undefined; descripcion?: string | null | undefined; estado?: "Programada" | ... 4 more ... | undefined; ... 12 more ...; _count?: { ...; } | ... 1 more ... | undefined; }' is not assignable to type '{ ruta_curricular: string | { id: string; nombre: string; descripcion: string | null; color: string; createdAt: string; updatedAt: string; } | undefined; id: string; fecha_hora_inicio: string; ... 16 more ...; _count?: { ...; } | ... 1 more ... | undefined; }'.
    Types of property 'ruta_curricular' are incompatible.
      Type '{ id: string; nombre: string; descripcion: string | null; color: string; createdAt: string; updatedAt: string; } | null | undefined' is not assignable to type 'string | { id: string; nombre: string; descripcion: string | null; color: string; createdAt: string; updatedAt: string; } | undefined'.
        Type 'null' is not assignable to type 'string | { id: string; nombre: string; descripcion: string | null; color: string; createdAt: string; updatedAt: string; } | undefined'.
src/lib/api/admin.api.ts(160,3): error TS2322: Type '{ id: string; nombre: string; descripcion: string | null; createdAt: string; updatedAt: string; tipo: "Suscripcion" | "Curso" | "RecursoDigital"; precio: number; activo: boolean; cupos_maximo?: number | ... 1 more ... | undefined; fecha_inicio?: string | ... 1 more ... | undefined; fecha_fin?: string | ... 1 more .....' is not assignable to type '{ nombre: string; id: string; createdAt: string; updatedAt: string; tipo: "Suscripcion" | "Curso" | "RecursoDigital"; descripcion: string; precio: number; activo: boolean; fecha_inicio?: string | null | undefined; fecha_fin?: string | ... 1 more ... | undefined; cupo_maximo?: number | ... 1 more ... | undefined; dur...'.
  Type '{ id: string; nombre: string; descripcion: string | null; createdAt: string; updatedAt: string; tipo: "Suscripcion" | "Curso" | "RecursoDigital"; precio: number; activo: boolean; cupos_maximo?: number | ... 1 more ... | undefined; fecha_inicio?: string | ... 1 more ... | undefined; fecha_fin?: string | ... 1 more .....' is not assignable to type '{ nombre: string; id: string; createdAt: string; updatedAt: string; tipo: "Suscripcion" | "Curso" | "RecursoDigital"; descripcion: string; precio: number; activo: boolean; fecha_inicio?: string | null | undefined; fecha_fin?: string | ... 1 more ... | undefined; cupo_maximo?: number | ... 1 more ... | undefined; dur...'.
    Types of property 'descripcion' are incompatible.
      Type 'string | null' is not assignable to type 'string'.
        Type 'null' is not assignable to type 'string'.
src/lib/api/admin.api.ts(165,3): error TS2322: Type '{ id: string; nombre: string; descripcion: string | null; createdAt: string; updatedAt: string; tipo: "Suscripcion" | "Curso" | "RecursoDigital"; precio: number; activo: boolean; cupos_maximo?: number | ... 1 more ... | undefined; fecha_inicio?: string | ... 1 more ... | undefined; fecha_fin?: string | ... 1 more .....' is not assignable to type '{ nombre: string; id: string; createdAt: string; updatedAt: string; tipo: "Suscripcion" | "Curso" | "RecursoDigital"; descripcion: string; precio: number; activo: boolean; fecha_inicio?: string | null | undefined; fecha_fin?: string | ... 1 more ... | undefined; cupo_maximo?: number | ... 1 more ... | undefined; dur...'.
  Types of property 'descripcion' are incompatible.
    Type 'string | null' is not assignable to type 'string'.
      Type 'null' is not assignable to type 'string'.
src/lib/api/admin.api.ts(170,3): error TS2322: Type '{ id: string; nombre: string; descripcion: string | null; createdAt: string; updatedAt: string; tipo: "Suscripcion" | "Curso" | "RecursoDigital"; precio: number; activo: boolean; cupos_maximo?: number | ... 1 more ... | undefined; fecha_inicio?: string | ... 1 more ... | undefined; fecha_fin?: string | ... 1 more .....' is not assignable to type '{ nombre: string; id: string; createdAt: string; updatedAt: string; tipo: "Suscripcion" | "Curso" | "RecursoDigital"; descripcion: string; precio: number; activo: boolean; fecha_inicio?: string | null | undefined; fecha_fin?: string | ... 1 more ... | undefined; cupo_maximo?: number | ... 1 more ... | undefined; dur...'.
  Types of property 'descripcion' are incompatible.
    Type 'string | null' is not assignable to type 'string'.
      Type 'null' is not assignable to type 'string'.
src/lib/api/admin.api.ts(178,3): error TS2322: Type '{ id: string; nombre: string; descripcion: string | null; createdAt: string; updatedAt: string; tipo: "Suscripcion" | "Curso" | "RecursoDigital"; precio: number; activo: boolean; cupos_maximo?: number | ... 1 more ... | undefined; fecha_inicio?: string | ... 1 more ... | undefined; fecha_fin?: string | ... 1 more .....' is not assignable to type '{ nombre: string; id: string; createdAt: string; updatedAt: string; tipo: "Suscripcion" | "Curso" | "RecursoDigital"; descripcion: string; precio: number; activo: boolean; fecha_inicio?: string | null | undefined; fecha_fin?: string | ... 1 more ... | undefined; cupo_maximo?: number | ... 1 more ... | undefined; dur...'.
  Types of property 'descripcion' are incompatible.
    Type 'string | null' is not assignable to type 'string'.
      Type 'null' is not assignable to type 'string'.
src/lib/api/admin.api.ts(200,50): error TS2339: Property 'user' does not exist on type 'AxiosResponse<any, any, {}>'.
src/lib/api/asistencia.api.ts(28,3): error TS2740: Type 'AxiosResponse<any, any, {}>' is missing the following properties from type 'Asistencia': id, claseId, estudianteId, estado, and 5 more.
src/lib/api/asistencia.api.ts(39,3): error TS2739: Type 'AxiosResponse<any, any, {}>' is missing the following properties from type 'ListaAsistencia': claseId, clase, inscripciones, estadisticas
src/lib/api/asistencia.api.ts(50,3): error TS2740: Type 'AxiosResponse<any, any, {}>' is missing the following properties from type 'EstadisticasClase': claseId, clase, totalInscritos, totalPresentes, and 5 more.
src/lib/api/asistencia.api.ts(80,3): error TS2739: Type 'AxiosResponse<any, any, {}>' is missing the following properties from type 'HistorialAsistencia': estudianteId, estudiante, asistencias, estadisticas
src/lib/api/asistencia.api.ts(89,3): error TS2739: Type 'AxiosResponse<any, any, {}>' is missing the following properties from type 'ResumenDocenteAsistencia': docenteId, totalClases, totalEstudiantes, promedioAsistencia
src/lib/api/asistencia.api.ts(143,3): error TS2740: Type 'AxiosResponse<any, any, {}>' is missing the following properties from type 'Observacion[]': length, pop, push, concat, and 35 more.
src/lib/api/asistencia.api.ts(175,3): error TS2739: Type 'AxiosResponse<any, any, {}>' is missing the following properties from type 'ReportesDocente': estadisticas_globales, asistencia_semanal, top_estudiantes, por_ruta_curricular
src/lib/api/calendario.api.ts(21,3): error TS2740: Type 'AxiosResponse<any, any, {}>' is missing the following properties from type 'Evento': id, titulo, tipo, fecha_inicio, and 5 more.
src/lib/api/calendario.api.ts(26,3): error TS2740: Type 'AxiosResponse<any, any, {}>' is missing the following properties from type 'Evento': id, titulo, tipo, fecha_inicio, and 5 more.
src/lib/api/calendario.api.ts(31,3): error TS2740: Type 'AxiosResponse<any, any, {}>' is missing the following properties from type 'Evento': id, titulo, tipo, fecha_inicio, and 5 more.
src/lib/api/calendario.api.ts(45,3): error TS2740: Type 'AxiosResponse<any, any, {}>' is missing the following properties from type 'Evento[]': length, pop, push, concat, and 35 more.
src/lib/api/calendario.api.ts(50,3): error TS2740: Type 'AxiosResponse<any, any, {}>' is missing the following properties from type 'Evento': id, titulo, tipo, fecha_inicio, and 5 more.
src/lib/api/calendario.api.ts(55,3): error TS2739: Type 'AxiosResponse<any, any, {}>' is missing the following properties from type 'VistaAgendaData': hoy, manana, proximos7Dias, masAdelante
src/lib/api/calendario.api.ts(61,3): error TS2740: Type 'AxiosResponse<any, any, {}>' is missing the following properties from type 'Evento[]': length, pop, push, concat, and 35 more.
src/lib/api/calendario.api.ts(66,3): error TS2740: Type 'AxiosResponse<any, any, {}>' is missing the following properties from type 'EstadisticasCalendario': totalTareas, totalRecordatorios, totalNotas, tareasPendientes, and 2 more.
src/lib/api/calendario.api.ts(76,3): error TS2740: Type 'AxiosResponse<any, any, {}>' is missing the following properties from type 'Evento': id, titulo, tipo, fecha_inicio, and 5 more.
src/lib/api/calendario.api.ts(84,3): error TS2740: Type 'AxiosResponse<any, any, {}>' is missing the following properties from type 'Evento': id, titulo, tipo, fecha_inicio, and 5 more.
src/lib/api/calendario.api.ts(92,3): error TS2740: Type 'AxiosResponse<any, any, {}>' is missing the following properties from type 'Evento': id, titulo, tipo, fecha_inicio, and 5 more.
src/lib/api/calendario.api.ts(104,3): error TS2740: Type 'AxiosResponse<any, any, {}>' is missing the following properties from type 'Evento': id, titulo, tipo, fecha_inicio, and 5 more.
src/lib/api/catalogo.api.ts(10,3): error TS6133: 'createProductoSchema' is declared but its value is never read.
src/lib/api/catalogo.api.ts(11,3): error TS6133: 'updateProductoSchema' is declared but its value is never read.
src/lib/api/clase-grupos.api.ts(20,3): error TS2740: Type 'AxiosResponse<ClaseGrupo, any, {}>' is missing the following properties from type 'ClaseGrupo': id, codigo, nombre, tipo, and 11 more.
src/lib/api/clase-grupos.api.ts(57,3): error TS2739: Type 'AxiosResponse<{ success: boolean; data: ClaseGrupo[]; total: number; }, any, {}>' is missing the following properties from type '{ success: boolean; data: ClaseGrupo[]; total: number; }': success, total
src/lib/api/clase-grupos.api.ts(72,3): error TS2741: Property 'success' is missing in type 'AxiosResponse<{ success: boolean; data: ClaseGrupo; }, any, {}>' but required in type '{ success: boolean; data: ClaseGrupo; }'.
src/lib/api/clases.api.ts(33,3): error TS2740: Type 'AxiosResponse<{ id: string; nombre: string; docente_id: string; fecha_hora_inicio: string; duracion_minutos: number; estado: "Programada" | "Cancelada"; cupos_maximo: number; cupos_ocupados: number; ... 5 more ...; producto_id?: string | ... 1 more ... | undefined; }[], any, {}>' is missing the following properties from type '{ id: string; nombre: string; docente_id: string; fecha_hora_inicio: string; duracion_minutos: number; estado: "Programada" | "Cancelada"; cupos_maximo: number; cupos_ocupados: number; createdAt: string; ... 4 more ...; producto_id?: string | ... 1 more ... | undefined; }[]': length, pop, push, concat, and 35 more.
src/lib/api/clases.api.ts(40,3): error TS2740: Type 'AxiosResponse<{ id: string; nombre: string; docente_id: string; fecha_hora_inicio: string; duracion_minutos: number; estado: "Programada" | "Cancelada"; cupos_maximo: number; cupos_ocupados: number; ... 5 more ...; producto_id?: string | ... 1 more ... | undefined; }, any, {}>' is missing the following properties from type '{ id: string; nombre: string; docente_id: string; fecha_hora_inicio: string; duracion_minutos: number; estado: "Programada" | "Cancelada"; cupos_maximo: number; cupos_ocupados: number; createdAt: string; ... 4 more ...; producto_id?: string | ... 1 more ... | undefined; }': id, nombre, docente_id, fecha_hora_inicio, and 6 more.
src/lib/api/clases.api.ts(50,3): error TS2740: Type 'AxiosResponse<{ id: string; createdAt: string | Date; updatedAt: string | Date; clase_id: string; estudiante_id: string; tutor_id: string; fecha_inscripcion: string | Date; observaciones?: string | ... 1 more ... | undefined; clase?: { ...; } | undefined; estudiante?: { ...; } | undefined; }, any, {}>' is missing the following properties from type '{ id: string; createdAt: string | Date; updatedAt: string | Date; clase_id: string; estudiante_id: string; tutor_id: string; fecha_inscripcion: string | Date; observaciones?: string | ... 1 more ... | undefined; clase?: { ...; } | undefined; estudiante?: { ...; } | undefined; }': id, createdAt, updatedAt, clase_id, and 3 more.
src/lib/api/clases.api.ts(66,3): error TS2740: Type 'AxiosResponse<{ id: string; createdAt: string | Date; updatedAt: string | Date; clase_id: string; estudiante_id: string; tutor_id: string; fecha_inscripcion: string | Date; observaciones?: string | ... 1 more ... | undefined; clase?: { ...; } | undefined; estudiante?: { ...; } | undefined; }[], any, {}>' is missing the following properties from type '{ id: string; createdAt: string | Date; updatedAt: string | Date; clase_id: string; estudiante_id: string; tutor_id: string; fecha_inscripcion: string | Date; observaciones?: string | ... 1 more ... | undefined; clase?: { ...; } | undefined; estudiante?: { ...; } | undefined; }[]': length, pop, push, concat, and 35 more.
src/lib/api/clases.api.ts(73,3): error TS2740: Type 'AxiosResponse<RutaCurricular[], any, {}>' is missing the following properties from type 'RutaCurricular[]': length, pop, push, concat, and 35 more.
src/lib/api/clases.api.ts(82,3): error TS2740: Type 'AxiosResponse<RutaCurricular, any, {}>' is missing the following properties from type 'RutaCurricular': id, nombre, color, descripcion, and 2 more.
src/lib/api/clases.api.ts(99,3): error TS2740: Type 'AxiosResponse<{ id: string; nombre: string; docente_id: string; fecha_hora_inicio: string; duracion_minutos: number; estado: "Programada" | "Cancelada"; cupos_maximo: number; cupos_ocupados: number; ... 5 more ...; producto_id?: string | ... 1 more ... | undefined; }[], any, {}>' is missing the following properties from type '{ id: string; nombre: string; docente_id: string; fecha_hora_inicio: string; duracion_minutos: number; estado: "Programada" | "Cancelada"; cupos_maximo: number; cupos_ocupados: number; createdAt: string; ... 4 more ...; producto_id?: string | ... 1 more ... | undefined; }[]': length, pop, push, concat, and 35 more.
src/lib/api/cursos.api.ts(158,19): error TS2552: Cannot find name 'createModuloSchema'. Did you mean 'createModulo'?
src/lib/api/cursos.api.ts(160,10): error TS2304: Cannot find name 'moduloSchema'.
src/lib/api/cursos.api.ts(170,10): error TS2304: Cannot find name 'parseModulosResponse'.
src/lib/api/cursos.api.ts(179,10): error TS2304: Cannot find name 'moduloSchema'.
src/lib/api/cursos.api.ts(188,19): error TS2552: Cannot find name 'updateModuloSchema'. Did you mean 'updateModulo'?
src/lib/api/cursos.api.ts(190,10): error TS2304: Cannot find name 'moduloSchema'.
src/lib/api/cursos.api.ts(287,12): error TS2552: Cannot find name 'CompletarLeccionResponse'. Did you mean 'CompletarLeccionDto'?
src/lib/api/cursos.api.ts(288,19): error TS2552: Cannot find name 'completarLeccionSchema'. Did you mean 'completarLeccion'?
src/lib/api/cursos.api.ts(290,10): error TS2304: Cannot find name 'completarLeccionResponseSchema'.
src/lib/api/cursos.api.ts(300,10): error TS2304: Cannot find name 'progresoCursoSchema'.
src/lib/api/equipos.api.ts(32,3): error TS2322: Type '{ nombre: string; id: string; puntos_totales: number; createdAt: string; updatedAt: string; color_primario: string; color_secundario: string; icono_url?: string | null | undefined; estudiantes?: { ...; }[] | undefined; }' is not assignable to type 'Equipo'.
  Types of property 'icono_url' are incompatible.
    Type 'string | null | undefined' is not assignable to type 'string | null'.
      Type 'undefined' is not assignable to type 'string | null'.
src/lib/api/equipos.api.ts(41,3): error TS2322: Type '{ data: { nombre: string; id: string; puntos_totales: number; createdAt: string; updatedAt: string; color_primario: string; color_secundario: string; icono_url?: string | null | undefined; estudiantes?: { ...; }[] | undefined; }[]; metadata: { ...; }; }' is not assignable to type 'EquiposResponse'.
  Types of property 'data' are incompatible.
    Type '{ nombre: string; id: string; puntos_totales: number; createdAt: string; updatedAt: string; color_primario: string; color_secundario: string; icono_url?: string | null | undefined; estudiantes?: { ...; }[] | undefined; }[]' is not assignable to type 'Equipo[]'.
      Type '{ nombre: string; id: string; puntos_totales: number; createdAt: string; updatedAt: string; color_primario: string; color_secundario: string; icono_url?: string | null | undefined; estudiantes?: { ...; }[] | undefined; }' is not assignable to type 'Equipo'.
        Types of property 'icono_url' are incompatible.
          Type 'string | null | undefined' is not assignable to type 'string | null'.
            Type 'undefined' is not assignable to type 'string | null'.
src/lib/api/equipos.api.ts(50,3): error TS2322: Type '{ nombre: string; id: string; puntos_totales: number; createdAt: string; updatedAt: string; color_primario: string; color_secundario: string; icono_url?: string | null | undefined; estudiantes?: { ...; }[] | undefined; }' is not assignable to type 'Equipo'.
  Types of property 'icono_url' are incompatible.
    Type 'string | null | undefined' is not assignable to type 'string | null'.
      Type 'undefined' is not assignable to type 'string | null'.
src/lib/api/equipos.api.ts(62,3): error TS2322: Type '{ nombre: string; id: string; puntos_totales: number; createdAt: string; updatedAt: string; color_primario: string; color_secundario: string; icono_url?: string | null | undefined; estudiantes?: { ...; }[] | undefined; }' is not assignable to type 'Equipo'.
  Types of property 'icono_url' are incompatible.
    Type 'string | null | undefined' is not assignable to type 'string | null'.
      Type 'undefined' is not assignable to type 'string | null'.
src/lib/api/equipos.api.ts(101,3): error TS2322: Type '{ nombre: string; id: string; puntos_totales: number; createdAt: string; updatedAt: string; color_primario: string; color_secundario: string; icono_url?: string | null | undefined; estudiantes?: { ...; }[] | undefined; }' is not assignable to type 'Equipo'.
  Types of property 'icono_url' are incompatible.
    Type 'string | null | undefined' is not assignable to type 'string | null'.
      Type 'undefined' is not assignable to type 'string | null'.
src/lib/api/estudiantes.api.ts(30,5): error TS2741: Property 'fecha_nacimiento' is missing in type '{ nombre: string; apellido: string; id: string; edad: number; nivel_escolar: "Primaria" | "Secundaria" | "Universidad"; avatar_url: string; tutor_id: string; puntos_totales: number; nivel_actual: number; ... 6 more ...; equipo?: { ...; } | undefined; }' but required in type 'Estudiante'.
src/lib/api/estudiantes.api.ts(42,5): error TS2322: Type '{ data: { nombre: string; apellido: string; id: string; edad: number; nivel_escolar: "Primaria" | "Secundaria" | "Universidad"; avatar_url: string; tutor_id: string; puntos_totales: number; ... 7 more ...; equipo?: { ...; } | undefined; }[]; metadata: { ...; }; }' is not assignable to type 'EstudiantesResponse'.
  Types of property 'data' are incompatible.
    Type '{ nombre: string; apellido: string; id: string; edad: number; nivel_escolar: "Primaria" | "Secundaria" | "Universidad"; avatar_url: string; tutor_id: string; puntos_totales: number; nivel_actual: number; ... 6 more ...; equipo?: { ...; } | undefined; }[]' is not assignable to type 'Estudiante[]'.
      Property 'fecha_nacimiento' is missing in type '{ nombre: string; apellido: string; id: string; edad: number; nivel_escolar: "Primaria" | "Secundaria" | "Universidad"; avatar_url: string; tutor_id: string; puntos_totales: number; nivel_actual: number; ... 6 more ...; equipo?: { ...; } | undefined; }' but required in type 'Estudiante'.
src/lib/api/estudiantes.api.ts(52,5): error TS2741: Property 'fecha_nacimiento' is missing in type '{ nombre: string; apellido: string; id: string; edad: number; nivel_escolar: "Primaria" | "Secundaria" | "Universidad"; avatar_url: string; tutor_id: string; puntos_totales: number; nivel_actual: number; ... 6 more ...; equipo?: { ...; } | undefined; }' but required in type 'Estudiante'.
src/lib/api/estudiantes.api.ts(66,5): error TS2741: Property 'fecha_nacimiento' is missing in type '{ nombre: string; apellido: string; id: string; edad: number; nivel_escolar: "Primaria" | "Secundaria" | "Universidad"; avatar_url: string; tutor_id: string; puntos_totales: number; nivel_actual: number; ... 6 more ...; equipo?: { ...; } | undefined; }' but required in type 'Estudiante'.
src/lib/api/estudiantes.api.ts(76,12): error TS2352: Conversion of type 'AxiosResponse<any, any, {}>' to type '{ message: string; }' may be a mistake because neither type sufficiently overlaps with the other. If this was intentional, convert the expression to 'unknown' first.
  Property 'message' is missing in type 'AxiosResponse<any, any, {}>' but required in type '{ message: string; }'.
src/lib/api/estudiantes.api.ts(85,12): error TS2352: Conversion of type 'AxiosResponse<any, any, {}>' to type '{ count: number; }' may be a mistake because neither type sufficiently overlaps with the other. If this was intentional, convert the expression to 'unknown' first.
  Property 'count' is missing in type 'AxiosResponse<any, any, {}>' but required in type '{ count: number; }'.
src/lib/api/estudiantes.api.ts(103,5): error TS2322: Type '{ nombre: string; id: string; puntos_totales: number; createdAt: string; updatedAt: string; color_primario: string; color_secundario: string; icono_url?: string | null | undefined; estudiantes?: { ...; }[] | undefined; }[]' is not assignable to type 'Equipo[]'.
  Type '{ nombre: string; id: string; puntos_totales: number; createdAt: string; updatedAt: string; color_primario: string; color_secundario: string; icono_url?: string | null | undefined; estudiantes?: { ...; }[] | undefined; }' is not assignable to type 'Equipo'.
    Types of property 'icono_url' are incompatible.
      Type 'string | null | undefined' is not assignable to type 'string | undefined'.
        Type 'null' is not assignable to type 'string | undefined'.
src/lib/api/gamificacion.api.ts(129,12): error TS2304: Cannot find name 'dashboardGamificacionSchema'.
src/lib/api/gamificacion.api.ts(137,12): error TS2304: Cannot find name 'logrosListSchema'.
src/lib/api/gamificacion.api.ts(145,12): error TS2304: Cannot find name 'puntosSchema'.
src/lib/api/gamificacion.api.ts(161,12): error TS2304: Cannot find name 'progresoRutaListSchema'.
src/lib/api/gamificacion.api.ts(176,12): error TS2304: Cannot find name 'accionesPuntuablesListSchema'.
src/lib/api/gamificacion.api.ts(184,12): error TS2304: Cannot find name 'puntosObtenidosListSchema'.
src/lib/api/gamificacion.api.ts(191,21): error TS2304: Cannot find name 'otorgarPuntosSchema'.
src/lib/api/pagos.api.ts(60,12): error TS2352: Conversion of type '{ id: string; estado: "Cancelada" | "Pendiente" | "Activa" | "Atrasada"; producto_id: string; createdAt: string; updatedAt: string; tutor_id: string; fecha_inicio: string | null; fecha_proximo_pago: string | null; preferencia_id: string | null; producto?: { ...; } | undefined; }' to type '{ id: string; estado: "Cancelada" | "Pendiente" | "Activa" | "Vencida"; producto_id: string; createdAt: string | Date; updatedAt: string | Date; tutor_id: string; fecha_inicio: string | ... 1 more ... | null; fecha_vencimiento: string | ... 1 more ... | null; pago_id: string; producto?: { ...; } | undefined; }' may be a mistake because neither type sufficiently overlaps with the other. If this was intentional, convert the expression to 'unknown' first.
  Type '{ id: string; estado: "Cancelada" | "Pendiente" | "Activa" | "Atrasada"; producto_id: string; createdAt: string; updatedAt: string; tutor_id: string; fecha_inicio: string | null; fecha_proximo_pago: string | null; preferencia_id: string | null; producto?: { ...; } | undefined; }' is missing the following properties from type '{ id: string; estado: "Cancelada" | "Pendiente" | "Activa" | "Vencida"; producto_id: string; createdAt: string | Date; updatedAt: string | Date; tutor_id: string; fecha_inicio: string | ... 1 more ... | null; fecha_vencimiento: string | ... 1 more ... | null; pago_id: string; producto?: { ...; } | undefined; }': fecha_vencimiento, pago_id
src/lib/api/pagos.api.ts(90,10): error TS2352: Conversion of type '{ id: string; estado: "PreInscrito" | "Activo" | "Finalizado"; producto_id: string; createdAt: string; updatedAt: string; estudiante_id: string; fecha_inscripcion: string | null; preferencia_id: string | null; producto?: { ...; } | undefined; }[]' to type '{ id: string; estado: "PreInscrito" | "Inscrito" | "Cancelado"; producto_id: string; createdAt: string | Date; updatedAt: string | Date; estudiante_id: string; fecha_inscripcion: string | ... 1 more ... | null; pago_id: string; producto?: { ...; } | undefined; }[]' may be a mistake because neither type sufficiently overlaps with the other. If this was intentional, convert the expression to 'unknown' first.
  Property 'pago_id' is missing in type '{ id: string; estado: "PreInscrito" | "Activo" | "Finalizado"; producto_id: string; createdAt: string; updatedAt: string; estudiante_id: string; fecha_inscripcion: string | null; preferencia_id: string | null; producto?: { ...; } | undefined; }' but required in type '{ id: string; estado: "PreInscrito" | "Inscrito" | "Cancelado"; producto_id: string; createdAt: string | Date; updatedAt: string | Date; estudiante_id: string; fecha_inscripcion: string | ... 1 more ... | null; pago_id: string; producto?: { ...; } | undefined; }'.
src/lib/api/pagos.api.ts(103,10): error TS2352: Conversion of type '{ id: string; estado: "Cancelada" | "Pendiente" | "Activa" | "Atrasada"; producto_id: string; createdAt: string; updatedAt: string; tutor_id: string; fecha_inicio: string | null; fecha_proximo_pago: string | null; preferencia_id: string | null; producto?: { ...; } | undefined; }' to type '{ id: string; estado: "Cancelada" | "Pendiente" | "Activa" | "Vencida"; producto_id: string; createdAt: string | Date; updatedAt: string | Date; tutor_id: string; fecha_inicio: string | ... 1 more ... | null; fecha_vencimiento: string | ... 1 more ... | null; pago_id: string; producto?: { ...; } | undefined; }' may be a mistake because neither type sufficiently overlaps with the other. If this was intentional, convert the expression to 'unknown' first.
  Type '{ id: string; estado: "Cancelada" | "Pendiente" | "Activa" | "Atrasada"; producto_id: string; createdAt: string; updatedAt: string; tutor_id: string; fecha_inicio: string | null; fecha_proximo_pago: string | null; preferencia_id: string | null; producto?: { ...; } | undefined; }' is missing the following properties from type '{ id: string; estado: "Cancelada" | "Pendiente" | "Activa" | "Vencida"; producto_id: string; createdAt: string | Date; updatedAt: string | Date; tutor_id: string; fecha_inicio: string | ... 1 more ... | null; fecha_vencimiento: string | ... 1 more ... | null; pago_id: string; producto?: { ...; } | undefined; }': fecha_vencimiento, pago_id
src/lib/api/pagos.api.ts(137,10): error TS2352: Conversion of type 'AxiosResponse<any, any, {}>' to type '{ periodo: string; metricas: { pagosPendientes: string; inscripcionesActivas: number; ingresosMesActual: string; tasaCobroActual: string; comparacionMesAnterior: { ingresosCambio: string; pendientesCambio: string; inscripcionesCambio: number; tasaCobroCambio: string; }; }; evolucionMensual: { ...; }[]; distribucionE...' may be a mistake because neither type sufficiently overlaps with the other. If this was intentional, convert the expression to 'unknown' first.
  Type 'AxiosResponse<any, any, {}>' is missing the following properties from type '{ periodo: string; metricas: { pagosPendientes: string; inscripcionesActivas: number; ingresosMesActual: string; tasaCobroActual: string; comparacionMesAnterior: { ingresosCambio: string; pendientesCambio: string; inscripcionesCambio: number; tasaCobroCambio: string; }; }; evolucionMensual: { ...; }[]; distribucionE...': periodo, metricas, evolucionMensual, distribucionEstados
src/lib/api/pagos.api.ts(148,10): error TS2352: Conversion of type 'AxiosResponse<any, any, {}>' to type '{ precioClubMatematicas: string; precioCursosEspecializados: string; precioMultipleActividades: string; precioHermanosBasico: string; precioHermanosMultiple: string; descuentoAacreaPorcentaje: string; descuentoAacreaActivo: boolean; }' may be a mistake because neither type sufficiently overlaps with the other. If this was intentional, convert the expression to 'unknown' first.
  Type 'AxiosResponse<any, any, {}>' is missing the following properties from type '{ precioClubMatematicas: string; precioCursosEspecializados: string; precioMultipleActividades: string; precioHermanosBasico: string; precioHermanosMultiple: string; descuentoAacreaPorcentaje: string; descuentoAacreaActivo: boolean; }': precioClubMatematicas, precioCursosEspecializados, precioMultipleActividades, precioHermanosBasico, and 3 more.
src/lib/api/pagos.api.ts(159,10): error TS2352: Conversion of type 'AxiosResponse<any, any, {}>' to type '{ id: string; valoresAnteriores: Record<string, string>; valoresNuevos: Record<string, string>; adminId: string; motivoCambio: string | null; fechaCambio: string | Date; }[]' may be a mistake because neither type sufficiently overlaps with the other. If this was intentional, convert the expression to 'unknown' first.
  Type 'AxiosResponse<any, any, {}>' is missing the following properties from type '{ id: string; valoresAnteriores: Record<string, string>; valoresNuevos: Record<string, string>; adminId: string; motivoCambio: string | null; fechaCambio: string | Date; }[]': length, pop, push, concat, and 35 more.
src/lib/api/pagos.api.ts(170,10): error TS2352: Conversion of type 'AxiosResponse<any, any, {}>' to type '{ id: string; estudiante: { id: string; nombre: string; apellido: string; }; estudianteId: string; producto: { id: string; nombre: string; }; fechaPago: string | Date | null; periodo: string; ... 6 more ...; estadoPago: string; }[]' may be a mistake because neither type sufficiently overlaps with the other. If this was intentional, convert the expression to 'unknown' first.
  Type 'AxiosResponse<any, any, {}>' is missing the following properties from type '{ id: string; estudiante: { id: string; nombre: string; apellido: string; }; estudianteId: string; producto: { id: string; nombre: string; }; fechaPago: string | Date | null; periodo: string; ... 6 more ...; estadoPago: string; }[]': length, pop, push, concat, and 35 more.
src/lib/api/pagos.api.ts(181,10): error TS2352: Conversion of type 'AxiosResponse<any, any, {}>' to type '{ estudianteId: string; tutorId: string; precioFinal: string; tipoDescuento: string; estudianteNombre: string; totalDescuento: string; cantidadInscripciones: number; precioOriginal: string; }[]' may be a mistake because neither type sufficiently overlaps with the other. If this was intentional, convert the expression to 'unknown' first.
  Type 'AxiosResponse<any, any, {}>' is missing the following properties from type '{ estudianteId: string; tutorId: string; precioFinal: string; tipoDescuento: string; estudianteNombre: string; totalDescuento: string; cantidadInscripciones: number; precioOriginal: string; }[]': length, pop, push, concat, and 35 more.
src/lib/api/pagos.api.ts(195,10): error TS2352: Conversion of type 'AxiosResponse<any, any, {}>' to type '{ precioClubMatematicas: string; precioCursosEspecializados: string; precioMultipleActividades: string; precioHermanosBasico: string; precioHermanosMultiple: string; descuentoAacreaPorcentaje: string; descuentoAacreaActivo: boolean; }' may be a mistake because neither type sufficiently overlaps with the other. If this was intentional, convert the expression to 'unknown' first.
  Type 'AxiosResponse<any, any, {}>' is missing the following properties from type '{ precioClubMatematicas: string; precioCursosEspecializados: string; precioMultipleActividades: string; precioHermanosBasico: string; precioHermanosMultiple: string; descuentoAacreaPorcentaje: string; descuentoAacreaActivo: boolean; }': precioClubMatematicas, precioCursosEspecializados, precioMultipleActividades, precioHermanosBasico, and 3 more.
src/lib/api/planificaciones-simples.api.ts(110,3): error TS2740: Type 'AxiosResponse<PlanificacionSimple[], any, {}>' is missing the following properties from type 'PlanificacionSimple[]': length, pop, push, concat, and 35 more.
src/lib/api/planificaciones-simples.api.ts(122,3): error TS2740: Type 'AxiosResponse<DetallePlanificacion, any, {}>' is missing the following properties from type 'DetallePlanificacion': asignaciones, progresosEstudiantes, id, codigo, and 10 more.
src/lib/api/planificaciones-simples.api.ts(140,3): error TS2740: Type 'AxiosResponse<AsignacionPlanificacion, any, {}>' is missing the following properties from type 'AsignacionPlanificacion': id, planificacion_id, docente_id, clase_grupo_id, and 2 more.
src/lib/api/planificaciones-simples.api.ts(154,3): error TS2739: Type 'AxiosResponse<{ progreso: ProgresoEstudiante | null; semanasActivas: number[]; }, any, {}>' is missing the following properties from type '{ progreso: ProgresoEstudiante | null; semanasActivas: number[]; }': progreso, semanasActivas
src/lib/api/planificaciones-simples.api.ts(168,3): error TS2741: Property 'success' is missing in type 'AxiosResponse<{ success: boolean; }, any, {}>' but required in type '{ success: boolean; }'.
src/lib/api/planificaciones-simples.api.ts(180,3): error TS2739: Type 'AxiosResponse<{ success: boolean; nueva_semana: number; }, any, {}>' is missing the following properties from type '{ success: boolean; nueva_semana: number; }': success, nueva_semana
src/lib/api/planificaciones-simples.api.ts(195,3): error TS2741: Property 'success' is missing in type 'AxiosResponse<{ success: boolean; }, any, {}>' but required in type '{ success: boolean; }'.
src/lib/api/planificaciones-simples.api.ts(209,3): error TS2739: Type 'AxiosResponse<{ success: boolean; tiempo_total: number; }, any, {}>' is missing the following properties from type '{ success: boolean; tiempo_total: number; }': success, tiempo_total
src/lib/api/planificaciones-simples.api.ts(228,3): error TS2740: Type 'AxiosResponse<any, any, {}>' is missing the following properties from type '{ id: string; planificacion: PlanificacionSimple; claseGrupo: { id: string; nombre: string; }; semanas_activas: SemanaActiva[]; }[]': length, pop, push, concat, and 35 more.
src/lib/api/planificaciones-simples.api.ts(241,3): error TS2739: Type 'AxiosResponse<SemanaActiva, any, {}>' is missing the following properties from type 'SemanaActiva': id, asignacion_id, semana_numero, fecha_activacion, activa
src/lib/api/planificaciones-simples.api.ts(254,3): error TS2739: Type 'AxiosResponse<{ success: boolean; message: string; }, any, {}>' is missing the following properties from type '{ success: boolean; message: string; }': success, message
src/lib/api/planificaciones-simples.api.ts(268,3): error TS2739: Type 'AxiosResponse<any, any, {}>' is missing the following properties from type '{ asignacion: { id: string; grupo: { id: string; nombre: string; }; }; planificacion: { codigo: string; titulo: string; semanas_total: number; }; progresos: ProgresoEstudiante[]; }': asignacion, planificacion, progresos
src/lib/api/planificaciones.api.ts(84,25): error TS2339: Property 'nombre' does not exist on type 'PlanificacionListItemApi'.
src/lib/api/planificaciones.api.ts(85,3): error TS2322: Type 'string | null' is not assignable to type 'string'.
  Type 'null' is not assignable to type 'string'.
src/lib/api/planificaciones.api.ts(105,3): error TS2561: Object literal may only specify known properties, but 'created_at' does not exist in type '{ id: string; descripcion: string; planificacion_id: string; semana: number; componente: "video" | "juego" | "pdf" | "ejercicio"; props: Record<string, unknown>; orden: number; createdAt: string | Date; updatedAt: string | Date; }'. Did you mean to write 'createdAt'?
src/lib/api/planificaciones.api.ts(148,5): error TS2561: Object literal may only specify known properties, but 'totalPages' does not exist in type '{ data: { id: string; grupo_id: string; mes: number; anio: number; titulo: string; descripcion: string; tematica_principal: string; objetivos_aprendizaje: string[]; estado: "BORRADOR" | "PUBLICADA" | "ARCHIVADA"; ... 8 more ...; grupo?: { ...; } | undefined; }[]; total: number; page: number; limit: number; total_pag...'. Did you mean to write 'total_pages'?
src/lib/api/planificaciones.api.ts(162,34): error TS2345: Argument of type 'AxiosResponse<PlanificacionDetalleApi, any, {}>' is not assignable to parameter of type 'PlanificacionDetalleApi'.
  Type 'AxiosResponse<PlanificacionDetalleApi, any, {}>' is missing the following properties from type 'PlanificacionListItemApi': id, grupo_id, codigo_grupo, mes, and 12 more.
src/lib/api/planificaciones.api.ts(176,34): error TS2345: Argument of type 'AxiosResponse<PlanificacionDetalleApi, any, {}>' is not assignable to parameter of type 'PlanificacionDetalleApi'.
  Type 'AxiosResponse<PlanificacionDetalleApi, any, {}>' is missing the following properties from type 'PlanificacionListItemApi': id, grupo_id, codigo_grupo, mes, and 12 more.
src/lib/api/planificaciones.api.ts(191,34): error TS2345: Argument of type 'AxiosResponse<PlanificacionDetalleApi, any, {}>' is not assignable to parameter of type 'PlanificacionDetalleApi'.
  Type 'AxiosResponse<PlanificacionDetalleApi, any, {}>' is missing the following properties from type 'PlanificacionListItemApi': id, grupo_id, codigo_grupo, mes, and 12 more.
src/lib/api/planificaciones.api.ts(214,23): error TS2345: Argument of type 'AxiosResponse<ActividadApi, any, {}>' is not assignable to parameter of type 'ActividadApi'.
  Type 'AxiosResponse<ActividadApi, any, {}>' is missing the following properties from type 'ActividadApi': id, planificacion_id, semana, componente, and 5 more.
src/lib/api/planificaciones.api.ts(230,23): error TS2345: Argument of type 'AxiosResponse<ActividadApi, any, {}>' is not assignable to parameter of type 'ActividadApi'.
  Type 'AxiosResponse<ActividadApi, any, {}>' is missing the following properties from type 'ActividadApi': id, planificacion_id, semana, componente, and 5 more.
src/lib/api/tutor.api.ts(21,3): error TS2739: Type 'AxiosResponse<any, any, {}>' is missing the following properties from type 'DashboardResumenResponse': metricas, alertas, pagosPendientes, clasesHoy
src/lib/api/tutor.api.ts(31,3): error TS2739: Type 'AxiosResponse<any, any, {}>' is missing the following properties from type 'ProximasClasesResponse': clases, total
src/lib/api/tutor.api.ts(41,3): error TS2739: Type 'AxiosResponse<any, any, {}>' is missing the following properties from type 'AlertasResponse': alertas, total, hayAlertas
src/lib/api/tutor.api.ts(77,3): error TS2739: Type 'AxiosResponse<any, any, {}>' is missing the following properties from type 'MisInscripcionesResponse': inscripciones, resumen
src/lib/axios.ts(120,33): error TS18048: 'status' is possibly 'undefined'.
src/lib/hooks/useClases.ts(134,52): error TS2339: Property 'cupo_disponible' does not exist on type '{ id: string; nombre: string; docente_id: string; fecha_hora_inicio: string; duracion_minutos: number; estado: "Programada" | "Cancelada"; cupos_maximo: number; cupos_ocupados: number; createdAt: string; ... 4 more ...; producto_id?: string | ... 1 more ... | undefined; }'.
src/lib/hooks/useClases.ts(222,54): error TS2339: Property 'cupo_disponible' does not exist on type '{ id: string; nombre: string; docente_id: string; fecha_hora_inicio: string; duracion_minutos: number; estado: "Programada" | "Cancelada"; cupos_maximo: number; cupos_ocupados: number; createdAt: string; ... 4 more ...; producto_id?: string | ... 1 more ... | undefined; }'.
src/lib/hooks/useGamificacion.ts(188,9): error TS2345: Argument of type '(old: Logro[] | undefined) => unknown[]' is not assignable to parameter of type 'Updater<Logro[] | undefined, Logro[] | undefined>'.
  Type '(old: Logro[] | undefined) => unknown[]' is not assignable to type '(input: Logro[] | undefined) => Logro[] | undefined'.
    Type 'unknown[]' is not assignable to type 'Logro[]'.
      Type 'unknown' is not assignable to type 'Logro'.
src/lib/hooks/useGamificacion.ts(190,26): error TS18046: 'logroDesbloqueado' is of type 'unknown'.
src/lib/schemas/estudiante.schema.ts(187,32): error TS2551: Property 'ruta_curricular_id' does not exist on type '{ ruta_curricular?: objectOutputType<{ nombre: ZodString; color: ZodOptional<ZodString>; }, ZodTypeAny, "passthrough"> | undefined; rutaCurricular?: objectOutputType<...> | undefined; }'. Did you mean 'ruta_curricular'?
src/lib/utils/export.utils.ts(174,24): error TS18049: 'clase.ruta_curricular_id' is possibly 'null' or 'undefined'.
src/lib/utils/export.utils.ts(174,49): error TS2339: Property 'nombre' does not exist on type 'string'.
src/lib/utils/export.utils.ts(179,23): error TS18049: 'clase.cupos_maximo' is possibly 'null' or 'undefined'.
src/lib/utils/export.utils.ts(270,44): error TS2345: Argument of type 'ExportableData[]' is not assignable to parameter of type '{ id: string; nombre: string; apellido: string; email: string; role: string; createdAt: string; activo: boolean; }[]'.
  Type 'ExportableData' is missing the following properties from type '{ id: string; nombre: string; apellido: string; email: string; role: string; createdAt: string; activo: boolean; }': id, nombre, apellido, email, and 3 more.
src/lib/utils/export.utils.ts(274,7): error TS2322: Type '(string | number | boolean | null | undefined)[][]' is not assignable to type 'RowInput[]'.
  Type '(string | number | boolean | null | undefined)[]' is not assignable to type 'RowInput'.
    Type '(string | number | boolean | null | undefined)[]' is not assignable to type 'CellInput[]'.
      Type 'string | number | boolean | null | undefined' is not assignable to type 'CellInput'.
        Type 'undefined' is not assignable to type 'CellInput'.
src/lib/utils/export.utils.ts(288,48): error TS2345: Argument of type 'ExportableData[]' is not assignable to parameter of type '{ id: string; fecha_hora_inicio: string; duracion_minutos: number; nombre?: string | null | undefined; titulo?: string | null | undefined; descripcion?: string | null | undefined; estado?: "Programada" | ... 4 more ... | undefined; ... 12 more ...; _count?: { ...; } | ... 1 more ... | undefined; }[]'.
  Type 'ExportableData' is missing the following properties from type '{ id: string; fecha_hora_inicio: string; duracion_minutos: number; nombre?: string | null | undefined; titulo?: string | null | undefined; descripcion?: string | null | undefined; estado?: "Programada" | ... 4 more ... | undefined; ... 12 more ...; _count?: { ...; } | ... 1 more ... | undefined; }': id, fecha_hora_inicio, duracion_minutos
src/planificaciones/ejemplo-minimo.tsx(85,35): error TS2339: Property 'nombre' does not exist on type 'PlanificacionConfig'.
src/planificaciones/shared/PlanificacionWrapper.tsx(130,76): error TS2339: Property 'nombre' does not exist on type 'PlanificacionConfig'.
src/planificaciones/shared/PlanificacionWrapper.tsx(190,31): error TS2339: Property 'nombre' does not exist on type 'PlanificacionConfig'.
src/planificaciones/shared/components/AchievementPopup.tsx(8,15): error TS2305: Module '"../types"' has no exported member 'AchievementPopupProps'.
src/planificaciones/shared/components/ActivityTimer.tsx(8,15): error TS2305: Module '"../types"' has no exported member 'ActivityTimerProps'.
src/planificaciones/shared/components/GameScore.tsx(7,15): error TS2305: Module '"../types"' has no exported member 'GameScoreProps'.
src/planificaciones/shared/components/PlanificacionApp.tsx(31,10): error TS6133: 'tiempoActual' is declared but its value is never read.
src/planificaciones/shared/components/ProgressTracker.tsx(7,15): error TS2305: Module '"../types"' has no exported member 'ProgressTrackerProps'.
src/planificaciones/shared/index.ts(17,3): error TS2305: Module '"./types"' has no exported member 'PlanificacionMetadata'.
src/planificaciones/shared/index.ts(18,3): error TS2305: Module '"./types"' has no exported member 'SemanaMetadata'.
src/planificaciones/shared/index.ts(20,3): error TS2305: Module '"./types"' has no exported member 'PlanificacionState'.
src/planificaciones/shared/index.ts(21,3): error TS2305: Module '"./types"' has no exported member 'GameScoreProps'.
src/planificaciones/shared/index.ts(22,3): error TS2305: Module '"./types"' has no exported member 'ActivityTimerProps'.
src/planificaciones/shared/index.ts(23,3): error TS2305: Module '"./types"' has no exported member 'ProgressTrackerProps'.
src/planificaciones/shared/index.ts(24,3): error TS2305: Module '"./types"' has no exported member 'AchievementData'.
src/planificaciones/shared/index.ts(25,3): error TS2305: Module '"./types"' has no exported member 'AchievementPopupProps'.
src/store/admin.store.ts(124,13): error TS2322: Type '{ ruta_curricular: string | { id: string; nombre: string; descripcion: string | null; color: string; createdAt: string; updatedAt: string; } | undefined; id: string; fecha_hora_inicio: string; ... 16 more ...; _count?: { ...; } | ... 1 more ... | undefined; }[]' is not assignable to type '{ id: string; fecha_hora_inicio: string; duracion_minutos: number; nombre?: string | null | undefined; titulo?: string | null | undefined; descripcion?: string | null | undefined; estado?: "Programada" | ... 4 more ... | undefined; ... 12 more ...; _count?: { ...; } | ... 1 more ... | undefined; }[]'.
  Type '{ ruta_curricular: string | { id: string; nombre: string; descripcion: string | null; color: string; createdAt: string; updatedAt: string; } | undefined; id: string; fecha_hora_inicio: string; ... 16 more ...; _count?: { ...; } | ... 1 more ... | undefined; }' is not assignable to type '{ id: string; fecha_hora_inicio: string; duracion_minutos: number; nombre?: string | null | undefined; titulo?: string | null | undefined; descripcion?: string | null | undefined; estado?: "Programada" | ... 4 more ... | undefined; ... 12 more ...; _count?: { ...; } | ... 1 more ... | undefined; }'.
    Types of property 'ruta_curricular' are incompatible.
      Type 'string | { id: string; nombre: string; descripcion: string | null; color: string; createdAt: string; updatedAt: string; } | undefined' is not assignable to type '{ id: string; nombre: string; descripcion: string | null; color: string; createdAt: string; updatedAt: string; } | null | undefined'.
        Type 'string' is not assignable to type '{ id: string; nombre: string; descripcion: string | null; color: string; createdAt: string; updatedAt: string; }'.
src/store/admin.store.ts(143,22): error TS2551: Property 'cancelClass' does not exist on type 'typeof import("/home/alexis/Documentos/Mateatletas-Ecosystem/apps/web/src/lib/api/admin.api")'. Did you mean 'cancelarClase'?
src/store/auth.store.ts(17,3): error TS2300: Duplicate identifier 'debe_cambiar_password'.
src/store/auth.store.ts(28,3): error TS2300: Duplicate identifier 'debe_cambiar_password'.
src/store/auth.store.ts(238,25): error TS2339: Property 'cambiarPassword' does not exist on type '{ register: (data: RegisterData) => Promise<RegisterResponse>; login: (data: LoginData) => Promise<LoginResponse>; getProfile: () => Promise<...>; loginEstudiante: (data: LoginData) => Promise<...>; logout: () => Promise<...>; changePassword: (data: ChangePasswordPayload) => Promise<...>; }'.
src/store/clases.store.ts(121,48): error TS2339: Property 'cupo_disponible' does not exist on type '{ id: string; nombre: string; docente_id: string; fecha_hora_inicio: string; duracion_minutos: number; estado: "Programada" | "Cancelada"; cupos_maximo: number; cupos_ocupados: number; createdAt: string; ... 4 more ...; producto_id?: string | ... 1 more ... | undefined; }'.
src/store/clases.store.ts(161,48): error TS2339: Property 'cupo_disponible' does not exist on type '{ id: string; nombre: string; docente_id: string; fecha_hora_inicio: string; duracion_minutos: number; estado: "Programada" | "Cancelada"; cupos_maximo: number; cupos_ocupados: number; createdAt: string; ... 4 more ...; producto_id?: string | ... 1 more ... | undefined; }'.
src/stores/planificaciones.store.ts(93,30): error TS2551: Property 'totalPages' does not exist on type '{ data: { id: string; grupo_id: string; mes: number; anio: number; titulo: string; descripcion: string; tematica_principal: string; objetivos_aprendizaje: string[]; estado: "BORRADOR" | "PUBLICADA" | "ARCHIVADA"; ... 8 more ...; grupo?: { ...; } | undefined; }[]; total: number; page: number; limit: number; total_pag...'. Did you mean 'total_pages'?
src/testing/factories/curso-detalle.factory.ts(1,15): error TS2305: Module '"@mateatletas/shared"' has no exported member 'ApiResponse'.
vitest.config.ts(6,13): error TS2769: No overload matches this call.
  The last overload gave the following error.
    Type 'Plugin<any>[]' is not assignable to type 'PluginOption'.
      Type 'Plugin<any>[]' is not assignable to type 'PluginOption[]'.
        Type 'Plugin<any>' is not assignable to type 'PluginOption'.
          Type 'Plugin<any>' is not assignable to type 'Plugin$1<any>'.
            Types of property 'apply' are incompatible.
              Type '"build" | "serve" | ((this: void, config: import("/home/alexis/Documentos/Mateatletas-Ecosystem/node_modules/vite/dist/node/index").UserConfig, env: import("/home/alexis/Documentos/Mateatletas-Ecosystem/node_modules/vite/dist/node/index").ConfigEnv) => boolean) | undefined' is not assignable to type '"build" | "serve" | ((this: void, config: import("/home/alexis/Documentos/Mateatletas-Ecosystem/apps/web/node_modules/vitest/node_modules/vite/dist/node/index").UserConfig, env: import("/home/alexis/Documentos/Mateatletas-Ecosystem/apps/web/node_modules/vitest/node_modules/vite/dist/node/index").ConfigEnv) => boolea...'.
                Type '(this: void, config: UserConfig, env: ConfigEnv) => boolean' is not assignable to type '"build" | "serve" | ((this: void, config: UserConfig, env: ConfigEnv) => boolean) | undefined'.
                  Type '(this: void, config: import("/home/alexis/Documentos/Mateatletas-Ecosystem/node_modules/vite/dist/node/index").UserConfig, env: import("/home/alexis/Documentos/Mateatletas-Ecosystem/node_modules/vite/dist/node/index").ConfigEnv) => boolean' is not assignable to type '(this: void, config: import("/home/alexis/Documentos/Mateatletas-Ecosystem/apps/web/node_modules/vitest/node_modules/vite/dist/node/index").UserConfig, env: import("/home/alexis/Documentos/Mateatletas-Ecosystem/apps/web/node_modules/vitest/node_modules/vite/dist/node/index").ConfigEnv) => boolean'.
                    Types of parameters 'config' and 'config' are incompatible.
                      Type 'import("/home/alexis/Documentos/Mateatletas-Ecosystem/apps/web/node_modules/vitest/node_modules/vite/dist/node/index").UserConfig' is not assignable to type 'import("/home/alexis/Documentos/Mateatletas-Ecosystem/node_modules/vite/dist/node/index").UserConfig'.
                        Types of property 'plugins' are incompatible.
                          Type 'import("/home/alexis/Documentos/Mateatletas-Ecosystem/apps/web/node_modules/vitest/node_modules/vite/dist/node/index").PluginOption[] | undefined' is not assignable to type 'import("/home/alexis/Documentos/Mateatletas-Ecosystem/node_modules/vite/dist/node/index").PluginOption[] | undefined'.
                            Type 'import("/home/alexis/Documentos/Mateatletas-Ecosystem/apps/web/node_modules/vitest/node_modules/vite/dist/node/index").PluginOption[]' is not assignable to type 'import("/home/alexis/Documentos/Mateatletas-Ecosystem/node_modules/vite/dist/node/index").PluginOption[]'.
                              Type 'import("/home/alexis/Documentos/Mateatletas-Ecosystem/apps/web/node_modules/vitest/node_modules/vite/dist/node/index").PluginOption' is not assignable to type 'import("/home/alexis/Documentos/Mateatletas-Ecosystem/node_modules/vite/dist/node/index").PluginOption'.
                                Type 'Plugin$1<any>' is not assignable to type 'PluginOption'.
                                  Type 'Plugin$1<any>' is not assignable to type 'Plugin<any>'.
                                    Types of property 'apply' are incompatible.
                                      Type '"build" | "serve" | ((this: void, config: import("/home/alexis/Documentos/Mateatletas-Ecosystem/apps/web/node_modules/vitest/node_modules/vite/dist/node/index").UserConfig, env: import("/home/alexis/Documentos/Mateatletas-Ecosystem/apps/web/node_modules/vitest/node_modules/vite/dist/node/index").ConfigEnv) => boolea...' is not assignable to type '"build" | "serve" | ((this: void, config: import("/home/alexis/Documentos/Mateatletas-Ecosystem/node_modules/vite/dist/node/index").UserConfig, env: import("/home/alexis/Documentos/Mateatletas-Ecosystem/node_modules/vite/dist/node/index").ConfigEnv) => boolean) | undefined'.
                                        Type '(this: void, config: UserConfig, env: ConfigEnv) => boolean' is not assignable to type '"build" | "serve" | ((this: void, config: UserConfig, env: ConfigEnv) => boolean) | undefined'.
                                          Type '(this: void, config: import("/home/alexis/Documentos/Mateatletas-Ecosystem/apps/web/node_modules/vitest/node_modules/vite/dist/node/index").UserConfig, env: import("/home/alexis/Documentos/Mateatletas-Ecosystem/apps/web/node_modules/vitest/node_modules/vite/dist/node/index").ConfigEnv) => boolean' is not assignable to type '(this: void, config: import("/home/alexis/Documentos/Mateatletas-Ecosystem/node_modules/vite/dist/node/index").UserConfig, env: import("/home/alexis/Documentos/Mateatletas-Ecosystem/node_modules/vite/dist/node/index").ConfigEnv) => boolean'.
                                            Types of parameters 'config' and 'config' are incompatible.
                                              Type 'import("/home/alexis/Documentos/Mateatletas-Ecosystem/node_modules/vite/dist/node/index").UserConfig' is not assignable to type 'import("/home/alexis/Documentos/Mateatletas-Ecosystem/apps/web/node_modules/vitest/node_modules/vite/dist/node/index").UserConfig'.
                                                Types of property 'plugins' are incompatible.
                                                  Type 'import("/home/alexis/Documentos/Mateatletas-Ecosystem/node_modules/vite/dist/node/index").PluginOption[] | undefined' is not assignable to type 'import("/home/alexis/Documentos/Mateatletas-Ecosystem/apps/web/node_modules/vitest/node_modules/vite/dist/node/index").PluginOption[] | undefined'.
                                                    Type 'import("/home/alexis/Documentos/Mateatletas-Ecosystem/node_modules/vite/dist/node/index").PluginOption[]' is not assignable to type 'import("/home/alexis/Documentos/Mateatletas-Ecosystem/apps/web/node_modules/vitest/node_modules/vite/dist/node/index").PluginOption[]'.
                                                      Type 'import("/home/alexis/Documentos/Mateatletas-Ecosystem/node_modules/vite/dist/node/index").PluginOption' is not assignable to type 'import("/home/alexis/Documentos/Mateatletas-Ecosystem/apps/web/node_modules/vitest/node_modules/vite/dist/node/index").PluginOption'.
                                                        Type 'Promise<false | Plugin<any> | PluginOption[] | null | undefined>' is not assignable to type 'PluginOption'.
                                                          Type 'Promise<false | Plugin<any> | PluginOption[] | null | undefined>' is not assignable to type 'Promise<Plugin$1<any> | FalsyPlugin | PluginOption[]>'.
                                                            Type 'false | Plugin<any> | PluginOption[] | null | undefined' is not assignable to type 'Plugin$1<any> | FalsyPlugin | PluginOption[]'.
                                                              Type 'Plugin<any>' is not assignable to type 'Plugin$1<any> | FalsyPlugin | PluginOption[]'.
../../node_modules/framer-motion/dist/types/index.d.ts(515,226): error TS2503: Cannot find namespace 'JSX'.
../../node_modules/framer-motion/dist/types/index.d.ts(542,228): error TS2503: Cannot find namespace 'JSX'.
../../node_modules/goober/goober.d.ts(3,1): error TS1203: Export assignment cannot be used when targeting ECMAScript modules. Consider using 'export default' or another module format instead.
../../node_modules/recharts/types/state/selectors/axisSelectors.d.ts(135,74): error TS2694: Namespace '"/home/alexis/Documentos/Mateatletas-Ecosystem/node_modules/redux/dist/redux"' has no exported member 'EmptyObject'.
../../node_modules/recharts/types/state/selectors/axisSelectors.d.ts(199,74): error TS2694: Namespace '"/home/alexis/Documentos/Mateatletas-Ecosystem/node_modules/redux/dist/redux"' has no exported member 'EmptyObject'.
../../node_modules/recharts/types/state/selectors/axisSelectors.d.ts(289,72): error TS2694: Namespace '"/home/alexis/Documentos/Mateatletas-Ecosystem/node_modules/redux/dist/redux"' has no exported member 'EmptyObject'.
../../node_modules/recharts/types/state/selectors/axisSelectors.d.ts(357,100): error TS2694: Namespace '"/home/alexis/Documentos/Mateatletas-Ecosystem/node_modules/redux/dist/redux"' has no exported member 'EmptyObject'.
../../node_modules/recharts/types/state/selectors/axisSelectors.d.ts(424,69): error TS2694: Namespace '"/home/alexis/Documentos/Mateatletas-Ecosystem/node_modules/redux/dist/redux"' has no exported member 'EmptyObject'.
../../node_modules/recharts/types/state/store.d.ts(2,68): error TS2694: Namespace '"/home/alexis/Documentos/Mateatletas-Ecosystem/node_modules/redux/dist/redux"' has no exported member 'CombinedState'.
